account-plugin-generic-oauth 
activity-log-manager-common 
bamfdaemon 
compiz 
compiz-gnome 
default-jre 
ghostscript-cups 
gir1.2-clutter-1.0 
gir1.2-coglpango-1.0 
gir1.2-gdata-0.0 
gir1.2-gnomebluetooth-1.0 
gir1.2-pango-1.0 
gir1.2-vte-2.90 
gnome-control-center 
gnome-control-center-signon 
gnome-panel 
gnome-screensaver 
gstreamer0.10-x 
ia32-libs-multiarch 
ibus 
ibus-table 
icedtea-6-plugin 
language-support-translations-en 
language-support-translations-zh 
libappindicator1 
libasound2 
libatk-wrapper-java-jni 
libboost1.49-dev 
libboost1.53-dev 
libclutter-1.0-0 
libclutter-gst-2.0-0 
libcogl9 
libdevhelp-3-2 
libevdocument2 
libgail-common 
libgail18 
libgdata13 
libgjs0c 
libglade2-0 
libgladeui-2-4 
libgnome-desktop-2-17 
libgnomecanvas2-0 
libgnomekbd8 
libgoa-1.0-0 
libgoocanvas3 
libharfbuzz0 
libkeybinder0 
liblaunchpad-integration1 
libmlt++3 
libmlt5 
libmutter0a 
libopencv-calib3d2.3 
libopencv-features2d2.3 
libopencv-highgui2.3 
libopencv-highgui2.4 
libpackagekit-glib2-14 
libpam-xdg-support 
libpango1.0-0 
libpango1.0-dev 
libreoffice-writer 
librsvg2-2 
librsvg2-common 
libsnmp15 
libtotem0 
libunity-common 
libwayland0 
libwnck22 
openjdk-6-jre 
oss-compat 
overlay-scrollbar 
python-desktopcouch-application 
python-glade2 
python-gnomekeyring 
python-pyatspi 
python-uno 
python3-pyatspi 
seamonkey 
texlive-common 
texlive-doc-base 
thunderbird 
unity 
unity-2d-shell 
unity-asset-pool 
unity-common 
unity-lens-shopping 
unity-services 
unity-webapps-common 
update-manager 
wicd-curses 
yelp 
