#
# A fatal error has been detected by the Java Runtime Environment:
#
#  SIGSEGV (0xb) at pc=0x00007eff2ecaad4c, pid=3479, tid=139634668295936
#
# JRE version: 6.0_22-b22
# Java VM: OpenJDK 64-Bit Server VM (20.0-b11 mixed mode linux-amd64 compressed oops)
# Derivative: IcedTea6 1.10.1
# Distribution: Ubuntu Natty (development branch), package 6b22-1.10.1-0ubuntu1
# Problematic frame:
# C  [libgtk-x11-2.0.so.0+0x23bd4c]  gtk_tree_view_get_hadjustment+0x250c
#
# If you would like to submit a bug report, please include
# instructions how to reproduce the bug and visit:
#   https://bugs.launchpad.net/ubuntu/+source/openjdk-6/
# The crash happened outside the Java Virtual Machine in native code.
# See problematic frame for where to report the bug.
#

---------------  T H R E A D  ---------------

Current thread (0x00000000007f5800):  JavaThread "main" [_thread_in_native, id=3480, stack(0x00007eff3abd5000,0x00007eff3acd6000)]

siginfo:si_signo=SIGSEGV: si_errno=0, si_code=1 (SEGV_MAPERR), si_addr=0x0000000000000028

Registers:
RAX=0x00007eff3065e300, RBX=0x00007eff3065e280, RCX=0x00007eff3acd3058, RDX=0x0000000000000000
RSP=0x00007eff3acd3010, RBP=0x0000000000000001, RSI=0x0000000000000000, RDI=0x00007eff3066cba0
R8 =0x00007eff30cc6270, R9 =0x0000000000000d98, R10=0xfffffffffffff18c, R11=0x0000000000000000
R12=0x00007eff31585400, R13=0x0000000000001668, R14=0x00007eff3065e300, R15=0x00007eff3acd3430
RIP=0x00007eff2ecaad4c, EFLAGS=0x0000000000010246, CSGSFS=0x0000000000000033, ERR=0x0000000000000004
  TRAPNO=0x000000000000000e

Top of Stack: (sp=0x00007eff3acd3010)
0x00007eff3acd3010:   0000000000000000 000015f000000000
0x00007eff3acd3020:   0000000000000000 000000000000001b
0x00007eff3acd3030:   00007eff3acd30a0 00007eff313a0c00
0x00007eff3acd3040:   00007eff34ad39b3 00007eff3065e280
0x00007eff3acd3050:   0000000000000000 0000000000000000
0x00007eff3acd3060:   0000000000000000 00000000c695b44c
0x00007eff3acd3070:   00007eff3acd30e8 0000000000000000
0x00007eff3acd3080:   00007eff32a4d860 00007eff3acd3430
0x00007eff3acd3090:   00007eff302edf60 00007eff2ecaa670
0x00007eff3acd30a0:   00007eff3065e280 00007eff32a4d860
0x00007eff3acd30b0:   00007eff3acd3430 00007eff2eba7a5c
0x00007eff3acd30c0:   00007eff302edf60 0000000000000000
0x00007eff3acd30d0:   00007eff32a4d860 0000000000000003
0x00007eff3acd30e0:   00007eff3acd3220 00007eff2c2a981c
0x00007eff3acd30f0:   00007eff00001fa1 00007eff34ace3af
0x00007eff3acd3100:   00007eff3acd32a0 00007eff3acd3410
0x00007eff3acd3110:   00000000007f5800 00000000007f6760
0x00007eff3acd3120:   00007eff40008002 00007eff3acd3418
0x00007eff3acd3130:   00007eff3acd3410 00000000007f5800
0x00007eff3acd3140:   00007eff3acd3410 00007eff302f3050
0x00007eff3acd3150:   0000000000000000 00007eff3a6bad70
0x00007eff3acd3160:   00007eff2c0957e0 000000000000001e
0x00007eff3acd3170:   00007eff3064c3c8 00007eff2c2bae1f
0x00007eff3acd3180:   00007eff34add5a0 00007eff3acd3188
0x00007eff3acd3190:   00007eff3acd3260 00007eff3acd3210
0x00007eff3acd31a0:   00007eff3064c008 00007eff2c2b87b0
0x00007eff3acd31b0:   00007eff3acd3220 00007eff32a4d860
0x00007eff3acd31c0:   000000003acd4008 0000000000000000
0x00007eff3acd31d0:   00007eff3065e280 00000000007f3701
0x00007eff3acd31e0:   0000000000003fa4 00007eff302f3050
0x00007eff3acd31f0:   00007eff302edf60 0000000000000080
0x00007eff3acd3200:   00007eff3acd3430 00007eff3acd3430 

Instructions: (pc=0x00007eff2ecaad4c)
0x00007eff2ecaad2c:   50 ff 39 f0 0f 4e f2 48 8d 54 24 50 e8 e3 35 f4
0x00007eff2ecaad3c:   ff 48 8b 74 24 48 41 89 46 74 31 d2 48 8b 43 70
0x00007eff2ecaad4c:   48 8b 4e 28 44 8b 46 24 8b 78 74 48 8b 46 08 44
0x00007eff2ecaad5c:   8b 48 24 48 8b 46 10 8b 40 24 f7 d8 48 85 c9 74 

Register to memory mapping:

RAX=0x00007eff3065e300 is an unknown value
RBX=0x00007eff3065e280 is an unknown value
RCX=0x00007eff3acd3058 is pointing into the stack for thread: 0x00000000007f5800
RDX=0x0000000000000000 is an unknown value
RSP=0x00007eff3acd3010 is pointing into the stack for thread: 0x00000000007f5800
RBP=0x0000000000000001 is an unknown value
RSI=0x0000000000000000 is an unknown value
RDI=0x00007eff3066cba0 is an unknown value
R8 =0x00007eff30cc6270 is an unknown value
R9 =0x0000000000000d98 is an unknown value
R10=0xfffffffffffff18c is an unknown value
R11=0x0000000000000000 is an unknown value
R12=0x00007eff31585400 is an unknown value
R13=0x0000000000001668 is an unknown value
R14=0x00007eff3065e300 is an unknown value
R15=0x00007eff3acd3430 is pointing into the stack for thread: 0x00000000007f5800


Stack: [0x00007eff3abd5000,0x00007eff3acd6000],  sp=0x00007eff3acd3010,  free space=1016k
Native frames: (J=compiled Java code, j=interpreted, Vv=VM code, C=native code)
C  [libgtk-x11-2.0.so.0+0x23bd4c]  gtk_tree_view_get_hadjustment+0x250c

Java frames: (J=compiled Java code, j=interpreted, Vv=VM code)
j  org.eclipse.swt.internal.gtk.OS._gtk_main_do_event(J)V+0
j  org.eclipse.swt.internal.gtk.OS.gtk_main_do_event(J)V+8
j  org.eclipse.swt.widgets.Display.eventProc(JJ)J+132
v  ~StubRoutines::call_stub
j  org.eclipse.swt.internal.gtk.OS._g_main_context_iteration(JZ)Z+0
j  org.eclipse.swt.internal.gtk.OS.g_main_context_iteration(JZ)Z+9
j  org.eclipse.swt.widgets.Display.readAndDispatch()Z+23
j  sancho.view.MainWindow.<init>(Lorg/eclipse/swt/widgets/Display;)V+440
j  sancho.core.Sancho.interactiveLaunch()V+55
j  sancho.core.Sancho.main([Ljava/lang/String;)V+238
v  ~StubRoutines::call_stub

---------------  P R O C E S S  ---------------

Java Threads: ( => current thread )
  0x00000000008aa000 JavaThread "Timer-0" daemon [_thread_blocked, id=3496, stack(0x00007eff27d1a000,0x00007eff27e1b000)]
  0x000000000095b800 JavaThread "Thread-1" daemon [_thread_in_native, id=3495, stack(0x00007eff27f49000,0x00007eff2804a000)]
  0x0000000000d33000 JavaThread "Thread-0" daemon [_thread_blocked, id=3491, stack(0x00007eff27e1b000,0x00007eff27f1c000)]
  0x00007eff30084000 JavaThread "Low Memory Detector" daemon [_thread_blocked, id=3489, stack(0x00007eff2f4c0000,0x00007eff2f5c1000)]
  0x00007eff30081800 JavaThread "C2 CompilerThread1" daemon [_thread_blocked, id=3488, stack(0x00007eff2f5c1000,0x00007eff2f6c2000)]
  0x00007eff3007e800 JavaThread "C2 CompilerThread0" daemon [_thread_blocked, id=3487, stack(0x00007eff2f6c2000,0x00007eff2f7c3000)]
  0x00007eff3007d000 JavaThread "Signal Dispatcher" daemon [_thread_blocked, id=3486, stack(0x00007eff2f7c3000,0x00007eff2f8c4000)]
  0x00007eff3005e800 JavaThread "Finalizer" daemon [_thread_blocked, id=3485, stack(0x00007eff2fcfd000,0x00007eff2fdfe000)]
  0x00007eff3005c800 JavaThread "Reference Handler" daemon [_thread_blocked, id=3484, stack(0x00007eff2fdfe000,0x00007eff2feff000)]
=>0x00000000007f5800 JavaThread "main" [_thread_in_native, id=3480, stack(0x00007eff3abd5000,0x00007eff3acd6000)]

Other Threads:
  0x00007eff30055800 VMThread [stack: 0x00007eff2feff000,0x00007eff30000000] [id=3483]
  0x00007eff3008f000 WatcherThread [stack: 0x00007eff2f3bf000,0x00007eff2f4c0000] [id=3490]

VM state:not at safepoint (normal execution)

VM Mutex/Monitor currently owned by a thread: None

Heap
 PSYoungGen      total 14080K, used 11165K [0x00000000f0400000, 0x00000000f13b0000, 0x0000000100000000)
  eden space 12096K, 76% used [0x00000000f0400000,0x00000000f0d12c58,0x00000000f0fd0000)
  from space 1984K, 94% used [0x00000000f0fd0000,0x00000000f11a4948,0x00000000f11c0000)
  to   space 1984K, 0% used [0x00000000f11c0000,0x00000000f11c0000,0x00000000f13b0000)
 PSOldGen        total 32256K, used 0K [0x00000000d0c00000, 0x00000000d2b80000, 0x00000000f0400000)
  object space 32256K, 0% used [0x00000000d0c00000,0x00000000d0c00000,0x00000000d2b80000)
 PSPermGen       total 21248K, used 13855K [0x00000000c6600000, 0x00000000c7ac0000, 0x00000000d0c00000)
  object space 21248K, 65% used [0x00000000c6600000,0x00000000c7387ca8,0x00000000c7ac0000)

Code Cache  [0x00007eff34ace000, 0x00007eff34d3e000, 0x00007eff37ace000)
 total_blobs=718 nmethods=231 adapters=441 free_code_cache=48660992 largest_free_block=10496

Dynamic libraries:
00400000-00409000 r-xp 00000000 08:05 671407                             /usr/lib/jvm/java-6-openjdk/jre/bin/java
00608000-00609000 r--p 00008000 08:05 671407                             /usr/lib/jvm/java-6-openjdk/jre/bin/java
00609000-0060a000 rw-p 00009000 08:05 671407                             /usr/lib/jvm/java-6-openjdk/jre/bin/java
007eb000-01f54000 rw-p 00000000 00:00 0                                  [heap]
c6600000-c7ac0000 rw-p 00000000 00:00 0 
c7ac0000-d0c00000 rw-p 00000000 00:00 0 
d0c00000-d2b80000 rw-p 00000000 00:00 0 
d2b80000-f0400000 rw-p 00000000 00:00 0 
f0400000-f13b0000 rw-p 00000000 00:00 0 
f13b0000-100000000 rw-p 00000000 00:00 0 
7eff08542000-7eff08543000 ---p 00000000 00:00 0 
7eff08543000-7eff08d43000 rw-p 00000000 00:00 0 
7eff08d43000-7eff08d44000 ---p 00000000 00:00 0 
7eff08d44000-7eff09544000 rw-p 00000000 00:00 0 
7eff0d546000-7eff0d547000 ---p 00000000 00:00 0 
7eff0d547000-7eff0dd47000 rw-p 00000000 00:00 0 
7eff11d48000-7eff11d4d000 r-xp 00000000 08:05 529757                     /usr/lib/alsa-lib/libasound_module_pcm_pulse.so
7eff11d4d000-7eff11f4d000 ---p 00005000 08:05 529757                     /usr/lib/alsa-lib/libasound_module_pcm_pulse.so
7eff11f4d000-7eff11f4e000 r--p 00005000 08:05 529757                     /usr/lib/alsa-lib/libasound_module_pcm_pulse.so
7eff11f4e000-7eff11f4f000 rw-p 00006000 08:05 529757                     /usr/lib/alsa-lib/libasound_module_pcm_pulse.so
7eff11f4f000-7eff12202000 r-xp 00000000 08:05 133535                     /usr/lib/libvorbisenc.so.2.0.8
7eff12202000-7eff12401000 ---p 002b3000 08:05 133535                     /usr/lib/libvorbisenc.so.2.0.8
7eff12401000-7eff1241d000 r--p 002b2000 08:05 133535                     /usr/lib/libvorbisenc.so.2.0.8
7eff1241d000-7eff1241e000 rw-p 002ce000 08:05 133535                     /usr/lib/libvorbisenc.so.2.0.8
7eff1241e000-7eff12466000 r-xp 00000000 08:05 146428                     /usr/lib/libFLAC.so.8.2.0
7eff12466000-7eff12666000 ---p 00048000 08:05 146428                     /usr/lib/libFLAC.so.8.2.0
7eff12666000-7eff12667000 r--p 00048000 08:05 146428                     /usr/lib/libFLAC.so.8.2.0
7eff12667000-7eff12668000 rw-p 00049000 08:05 146428                     /usr/lib/libFLAC.so.8.2.0
7eff12668000-7eff126c9000 r-xp 00000000 08:05 133603                     /usr/lib/libsndfile.so.1.0.23
7eff126c9000-7eff128c9000 ---p 00061000 08:05 133603                     /usr/lib/libsndfile.so.1.0.23
7eff128c9000-7eff128cb000 r--p 00061000 08:05 133603                     /usr/lib/libsndfile.so.1.0.23
7eff128cb000-7eff128cc000 rw-p 00063000 08:05 133603                     /usr/lib/libsndfile.so.1.0.23
7eff128cc000-7eff128d0000 rw-p 00000000 00:00 0 
7eff128d0000-7eff128d8000 r-xp 00000000 08:05 792106                     /lib/libwrap.so.0.7.6
7eff128d8000-7eff12ad8000 ---p 00008000 08:05 792106                     /lib/libwrap.so.0.7.6
7eff12ad8000-7eff12ad9000 r--p 00008000 08:05 792106                     /lib/libwrap.so.0.7.6
7eff12ad9000-7eff12ada000 rw-p 00009000 08:05 792106                     /lib/libwrap.so.0.7.6
7eff12ada000-7eff12adb000 rw-p 00000000 00:00 0 
7eff12adb000-7eff12b26000 r-xp 00000000 08:05 133858                     /usr/lib/libpulsecommon-0.9.22.so
7eff12b26000-7eff12d25000 ---p 0004b000 08:05 133858                     /usr/lib/libpulsecommon-0.9.22.so
7eff12d25000-7eff12d26000 r--p 0004a000 08:05 133858                     /usr/lib/libpulsecommon-0.9.22.so
7eff12d26000-7eff12d27000 rw-p 0004b000 08:05 133858                     /usr/lib/libpulsecommon-0.9.22.so
7eff12d27000-7eff12d28000 r-xp 00000000 08:05 530421                     /usr/lib/x86_64-linux-gnu/libX11-xcb.so.1.0.0
7eff12d28000-7eff12f27000 ---p 00001000 08:05 530421                     /usr/lib/x86_64-linux-gnu/libX11-xcb.so.1.0.0
7eff12f27000-7eff12f28000 r--p 00000000 08:05 530421                     /usr/lib/x86_64-linux-gnu/libX11-xcb.so.1.0.0
7eff12f28000-7eff12f29000 rw-p 00001000 08:05 530421                     /usr/lib/x86_64-linux-gnu/libX11-xcb.so.1.0.0
7eff12f29000-7eff12f69000 r-xp 00000000 08:05 133856                     /usr/lib/libpulse.so.0.12.3
7eff12f69000-7eff13168000 ---p 00040000 08:05 133856                     /usr/lib/libpulse.so.0.12.3
7eff13168000-7eff13169000 r--p 0003f000 08:05 133856                     /usr/lib/libpulse.so.0.12.3
7eff13169000-7eff1316a000 rw-p 00040000 08:05 133856                     /usr/lib/libpulse.so.0.12.3
7eff1336c000-7eff1336d000 ---p 00000000 00:00 0 
7eff1336d000-7eff13b6d000 rw-p 00000000 00:00 0 
7eff13b6d000-7eff14160000 r--p 00000000 08:05 1045930                    /usr/share/fonts/truetype/takao/TakaoPGothic.ttf
7eff14160000-7eff15164000 r--p 00000000 08:05 1060602                    /usr/share/fonts/truetype/wqy/wqy-zenhei.ttc
7eff15164000-7eff151c4000 rw-s 00000000 00:04 983061                     /SYSV00000000 (deleted)
7eff151c4000-7eff15c65000 r--p 00000000 08:05 1048336                    /usr/share/icons/hicolor/icon-theme.cache
7eff15c65000-7eff17f13000 r--p 00000000 08:05 695858                     /usr/share/icons/gnome/icon-theme.cache
7eff17f13000-7eff17ffd000 r--p 00000000 08:05 428295                     /usr/share/icons/Humanity/icon-theme.cache
7eff17ffd000-7eff18004000 r-xp 00000000 08:05 133898                     /usr/lib/libfam.so.0.0.0
7eff18004000-7eff18203000 ---p 00007000 08:05 133898                     /usr/lib/libfam.so.0.0.0
7eff18203000-7eff18204000 r--p 00006000 08:05 133898                     /usr/lib/libfam.so.0.0.0
7eff18204000-7eff18205000 rw-p 00007000 08:05 133898                     /usr/lib/libfam.so.0.0.0
7eff18205000-7eff1820c000 r-xp 00000000 08:05 1050076                    /lib/x86_64-linux-gnu/libacl.so.1.1.0
7eff1820c000-7eff1840b000 ---p 00007000 08:05 1050076                    /lib/x86_64-linux-gnu/libacl.so.1.1.0
7eff1840b000-7eff1840c000 r--p 00006000 08:05 1050076                    /lib/x86_64-linux-gnu/libacl.so.1.1.0
7eff1840c000-7eff1840d000 rw-p 00007000 08:05 1050076                    /lib/x86_64-linux-gnu/libacl.so.1.1.0
7eff1840d000-7eff18411000 r-xp 00000000 08:05 1050025                    /lib/x86_64-linux-gnu/libattr.so.1.1.0
7eff18411000-7eff18610000 ---p 00004000 08:05 1050025                    /lib/x86_64-linux-gnu/libattr.so.1.1.0
7eff18610000-7eff18611000 r--p 00003000 08:05 1050025                    /lib/x86_64-linux-gnu/libattr.so.1.1.0
7eff18611000-7eff18612000 rw-p 00004000 08:05 1050025                    /lib/x86_64-linux-gnu/libattr.so.1.1.0
7eff18612000-7eff18620000 r-xp 00000000 08:05 540613                     /usr/lib/gnome-vfs-2.0/modules/libfile.so
7eff18620000-7eff1881f000 ---p 0000e000 08:05 540613                     /usr/lib/gnome-vfs-2.0/modules/libfile.so
7eff1881f000-7eff18820000 r--p 0000d000 08:05 540613                     /usr/lib/gnome-vfs-2.0/modules/libfile.so
7eff18820000-7eff18821000 rw-p 0000e000 08:05 540613                     /usr/lib/gnome-vfs-2.0/modules/libfile.so
7eff18821000-7eff18828000 r-xp 00000000 08:05 133582                     /usr/lib/libgailutil.so.18.0.1
7eff18828000-7eff18a27000 ---p 00007000 08:05 133582                     /usr/lib/libgailutil.so.18.0.1
7eff18a27000-7eff18a28000 r--p 00006000 08:05 133582                     /usr/lib/libgailutil.so.18.0.1
7eff18a28000-7eff18a29000 rw-p 00007000 08:05 133582                     /usr/lib/libgailutil.so.18.0.1
7eff18a29000-7eff18a2e000 r-xp 00000000 08:05 132974                     /usr/lib/libORBitCosNaming-2.so.0.1.0
7eff18a2e000-7eff18c2e000 ---p 00005000 08:05 132974                     /usr/lib/libORBitCosNaming-2.so.0.1.0
7eff18c2e000-7eff18c2f000 r--p 00005000 08:05 132974                     /usr/lib/libORBitCosNaming-2.so.0.1.0
7eff18c2f000-7eff18c30000 rw-p 00006000 08:05 132974                     /usr/lib/libORBitCosNaming-2.so.0.1.0
7eff18c30000-7eff18c33000 r-xp 00000000 08:05 1048219                    /lib/x86_64-linux-gnu/libgpg-error.so.0.8.0
7eff18c33000-7eff18e32000 ---p 00003000 08:05 1048219                    /lib/x86_64-linux-gnu/libgpg-error.so.0.8.0
7eff18e32000-7eff18e33000 r--p 00002000 08:05 1048219                    /lib/x86_64-linux-gnu/libgpg-error.so.0.8.0
7eff18e33000-7eff18e34000 rw-p 00003000 08:05 1048219                    /lib/x86_64-linux-gnu/libgpg-error.so.0.8.0
7eff18e34000-7eff18e43000 r-xp 00000000 08:05 534845                     /usr/lib/x86_64-linux-gnu/libtasn1.so.3.1.9
7eff18e43000-7eff19043000 ---p 0000f000 08:05 534845                     /usr/lib/x86_64-linux-gnu/libtasn1.so.3.1.9
7eff19043000-7eff19044000 r--p 0000f000 08:05 534845                     /usr/lib/x86_64-linux-gnu/libtasn1.so.3.1.9
7eff19044000-7eff19045000 rw-p 00010000 08:05 534845                     /usr/lib/x86_64-linux-gnu/libtasn1.so.3.1.9
7eff19045000-7eff19063000 r-xp 00000000 08:05 133504                     /usr/lib/libgnome-keyring.so.0.1.1
7eff19063000-7eff19262000 ---p 0001e000 08:05 133504                     /usr/lib/libgnome-keyring.so.0.1.1
7eff19262000-7eff19263000 r--p 0001d000 08:05 133504                     /usr/lib/libgnome-keyring.so.0.1.1
7eff19263000-7eff19264000 rw-p 0001e000 08:05 133504                     /usr/lib/libgnome-keyring.so.0.1.1
7eff19264000-7eff1927c000 r-xp 00000000 08:05 146254                     /usr/lib/libart_lgpl_2.so.2.3.21
7eff1927c000-7eff1947b000 ---p 00018000 08:05 146254                     /usr/lib/libart_lgpl_2.so.2.3.21
7eff1947b000-7eff1947c000 r--p 00017000 08:05 146254                     /usr/lib/libart_lgpl_2.so.2.3.21
7eff1947c000-7eff1947d000 rw-p 00018000 08:05 146254                     /usr/lib/libart_lgpl_2.so.2.3.21
7eff1947d000-7eff194b1000 r-xp 00000000 08:05 133918                     /usr/lib/libgnomecanvas-2.so.0.3000.3
7eff194b1000-7eff196b0000 ---p 00034000 08:05 133918                     /usr/lib/libgnomecanvas-2.so.0.3000.3
7eff196b0000-7eff196b1000 r--p 00033000 08:05 133918                     /usr/lib/libgnomecanvas-2.so.0.3000.3
7eff196b1000-7eff196b2000 rw-p 00034000 08:05 133918                     /usr/lib/libgnomecanvas-2.so.0.3000.3
7eff196b2000-7eff1971b000 r-xp 00000000 08:05 133925                     /usr/lib/libbonoboui-2.so.0.0.0
7eff1971b000-7eff1991b000 ---p 00069000 08:05 133925                     /usr/lib/libbonoboui-2.so.0.0.0
7eff1991b000-7eff1991c000 r--p 00069000 08:05 133925                     /usr/lib/libbonoboui-2.so.0.0.0
7eff1991c000-7eff1991f000 rw-p 0006a000 08:05 133925                     /usr/lib/libbonoboui-2.so.0.0.0
7eff1991f000-7eff19920000 rw-p 00000000 00:00 0 
7eff19920000-7eff1992b000 r-xp 00000000 08:05 792164                     /lib/libpopt.so.0.0.0
7eff1992b000-7eff19b2a000 ---p 0000b000 08:05 792164                     /lib/libpopt.so.0.0.0
7eff19b2a000-7eff19b2b000 r--p 0000a000 08:05 792164                     /lib/libpopt.so.0.0.0
7eff19b2b000-7eff19b2c000 rw-p 0000b000 08:05 792164                     /lib/libpopt.so.0.0.0
7eff19b2c000-7eff19b43000 r-xp 00000000 08:05 132880                     /usr/lib/libbonobo-activation.so.4.0.0
7eff19b43000-7eff19d42000 ---p 00017000 08:05 132880                     /usr/lib/libbonobo-activation.so.4.0.0
7eff19d42000-7eff19d44000 r--p 00016000 08:05 132880                     /usr/lib/libbonobo-activation.so.4.0.0
7eff19d44000-7eff19d46000 rw-p 00018000 08:05 132880                     /usr/lib/libbonobo-activation.so.4.0.0
7eff19d46000-7eff19daa000 r-xp 00000000 08:05 132882                     /usr/lib/libbonobo-2.so.0.0.0
7eff19daa000-7eff19faa000 ---p 00064000 08:05 132882                     /usr/lib/libbonobo-2.so.0.0.0
7eff19faa000-7eff19fb0000 r--p 00064000 08:05 132882                     /usr/lib/libbonobo-2.so.0.0.0
7eff19fb0000-7eff19fbb000 rw-p 0006a000 08:05 132882                     /usr/lib/libbonobo-2.so.0.0.0
7eff19fbb000-7eff1a031000 r-xp 00000000 08:05 1048226                    /lib/x86_64-linux-gnu/libgcrypt.so.11.6.0
7eff1a031000-7eff1a231000 ---p 00076000 08:05 1048226                    /lib/x86_64-linux-gnu/libgcrypt.so.11.6.0
7eff1a231000-7eff1a232000 r--p 00076000 08:05 1048226                    /lib/x86_64-linux-gnu/libgcrypt.so.11.6.0
7eff1a232000-7eff1a235000 rw-p 00077000 08:05 1048226                    /lib/x86_64-linux-gnu/libgcrypt.so.11.6.0
7eff1a235000-7eff1a2cf000 r-xp 00000000 08:05 535185                     /usr/lib/x86_64-linux-gnu/libgnutls.so.26.14.12
7eff1a2cf000-7eff1a4cf000 ---p 0009a000 08:05 535185                     /usr/lib/x86_64-linux-gnu/libgnutls.so.26.14.12
7eff1a4cf000-7eff1a4d5000 r--p 0009a000 08:05 535185                     /usr/lib/x86_64-linux-gnu/libgnutls.so.26.14.12
7eff1a4d5000-7eff1a4d6000 rw-p 000a0000 08:05 535185                     /usr/lib/x86_64-linux-gnu/libgnutls.so.26.14.12
7eff1a4d6000-7eff1a4e6000 r-xp 00000000 08:05 526105                     /usr/lib/x86_64-linux-gnu/libavahi-client.so.3.2.9
7eff1a4e6000-7eff1a6e5000 ---p 00010000 08:05 526105                     /usr/lib/x86_64-linux-gnu/libavahi-client.so.3.2.9
7eff1a6e5000-7eff1a6e6000 r--p 0000f000 08:05 526105                     /usr/lib/x86_64-linux-gnu/libavahi-client.so.3.2.9
7eff1a6e6000-7eff1a6e7000 rw-p 00010000 08:05 526105                     /usr/lib/x86_64-linux-gnu/libavahi-client.so.3.2.9
7eff1a6e7000-7eff1a6f2000 r-xp 00000000 08:05 526058                     /usr/lib/x86_64-linux-gnu/libavahi-common.so.3.5.3
7eff1a6f2000-7eff1a8f1000 ---p 0000b000 08:05 526058                     /usr/lib/x86_64-linux-gnu/libavahi-common.so.3.5.3
7eff1a8f1000-7eff1a8f2000 r--p 0000a000 08:05 526058                     /usr/lib/x86_64-linux-gnu/libavahi-common.so.3.5.3
7eff1a8f2000-7eff1a8f3000 rw-p 0000b000 08:05 526058                     /usr/lib/x86_64-linux-gnu/libavahi-common.so.3.5.3
7eff1a8f3000-7eff1a8f6000 r-xp 00000000 08:05 526111                     /usr/lib/x86_64-linux-gnu/libavahi-glib.so.1.0.2
7eff1a8f6000-7eff1aaf5000 ---p 00003000 08:05 526111                     /usr/lib/x86_64-linux-gnu/libavahi-glib.so.1.0.2
7eff1aaf5000-7eff1aaf6000 r--p 00002000 08:05 526111                     /usr/lib/x86_64-linux-gnu/libavahi-glib.so.1.0.2
7eff1aaf6000-7eff1aaf7000 rw-p 00003000 08:05 526111                     /usr/lib/x86_64-linux-gnu/libavahi-glib.so.1.0.2
7eff1aaf7000-7eff1ac41000 r-xp 00000000 08:05 133030                     /usr/lib/libxml2.so.2.7.8
7eff1ac41000-7eff1ae40000 ---p 0014a000 08:05 133030                     /usr/lib/libxml2.so.2.7.8
7eff1ae40000-7eff1ae48000 r--p 00149000 08:05 133030                     /usr/lib/libxml2.so.2.7.8
7eff1ae48000-7eff1ae4a000 rw-p 00151000 08:05 133030                     /usr/lib/libxml2.so.2.7.8
7eff1ae4a000-7eff1ae4b000 rw-p 00000000 00:00 0 
7eff1ae4b000-7eff1aee2000 r-xp 00000000 08:05 133930                     /usr/lib/libgnomeui-2.so.0.2400.5
7eff1aee2000-7eff1b0e1000 ---p 00097000 08:05 133930                     /usr/lib/libgnomeui-2.so.0.2400.5
7eff1b0e1000-7eff1b0e4000 r--p 00096000 08:05 133930                     /usr/lib/libgnomeui-2.so.0.2400.5
7eff1b0e4000-7eff1b0e6000 rw-p 00099000 08:05 133930                     /usr/lib/libgnomeui-2.so.0.2400.5
7eff1b0e6000-7eff1b0e7000 rw-p 00000000 00:00 0 
7eff1b0e7000-7eff1b0fc000 r-xp 00000000 08:05 133912                     /usr/lib/libgnome-2.so.0.3200.1
7eff1b0fc000-7eff1b2fc000 ---p 00015000 08:05 133912                     /usr/lib/libgnome-2.so.0.3200.1
7eff1b2fc000-7eff1b2fd000 r--p 00015000 08:05 133912                     /usr/lib/libgnome-2.so.0.3200.1
7eff1b2fd000-7eff1b2fe000 rw-p 00016000 08:05 133912                     /usr/lib/libgnome-2.so.0.3200.1
7eff1b2fe000-7eff1b366000 r-xp 00000000 08:05 133907                     /usr/lib/libgnomevfs-2.so.0.2400.4
7eff1b366000-7eff1b565000 ---p 00068000 08:05 133907                     /usr/lib/libgnomevfs-2.so.0.2400.4
7eff1b565000-7eff1b568000 r--p 00067000 08:05 133907                     /usr/lib/libgnomevfs-2.so.0.2400.4
7eff1b568000-7eff1b56a000 rw-p 0006a000 08:05 133907                     /usr/lib/libgnomevfs-2.so.0.2400.4
7eff1b56a000-7eff1b56b000 rw-p 00000000 00:00 0 
7eff1b56b000-7eff1b56e000 r-xp 00000000 08:05 1049783                    /home/huangyingw/sancho-0.9.4-59-linux-gtk-x86_64-java/lib/libswt-gnome-gtk-3509.so
7eff1b56e000-7eff1b66d000 ---p 00003000 08:05 1049783                    /home/huangyingw/sancho-0.9.4-59-linux-gtk-x86_64-java/lib/libswt-gnome-gtk-3509.so
7eff1b66d000-7eff1b66e000 rw-p 00002000 08:05 1049783                    /home/huangyingw/sancho-0.9.4-59-linux-gtk-x86_64-java/lib/libswt-gnome-gtk-3509.so
7eff1bc6b000-7eff1bc6e000 r-xp 00000000 08:05 672742                     /usr/lib/x86_64-linux-gnu/pango/1.6.0/modules/pango-hangul-fc.so
7eff1bc6e000-7eff1be6d000 ---p 00003000 08:05 672742                     /usr/lib/x86_64-linux-gnu/pango/1.6.0/modules/pango-hangul-fc.so
7eff1be6d000-7eff1be6e000 r--p 00002000 08:05 672742                     /usr/lib/x86_64-linux-gnu/pango/1.6.0/modules/pango-hangul-fc.so
7eff1be6e000-7eff1be6f000 rw-p 00003000 08:05 672742                     /usr/lib/x86_64-linux-gnu/pango/1.6.0/modules/pango-hangul-fc.so
7eff1be6f000-7eff1bed0000 r--p 00000000 08:05 147460                     /usr/lib/xulrunner-1.9.2.17/chrome/classic.jar
7eff1bed0000-7eff1c0d1000 r--p 00000000 08:05 147478                     /usr/lib/xulrunner-1.9.2.17/chrome/toolkit.jar
7eff1c0d1000-7eff1c124000 r--p 00000000 08:05 147465                     /usr/lib/xulrunner-1.9.2.17/chrome/en-US.jar
7eff1c124000-7eff1c125000 ---p 00000000 00:00 0 
7eff1c125000-7eff1c925000 rw-p 00000000 00:00 0 
7eff1c925000-7eff1c980000 r-xp 00000000 08:05 132970                     /usr/lib/libORBit-2.so.0.1.0
7eff1c980000-7eff1cb80000 ---p 0005b000 08:05 132970                     /usr/lib/libORBit-2.so.0.1.0
7eff1cb80000-7eff1cb8f000 r--p 0005b000 08:05 132970                     /usr/lib/libORBit-2.so.0.1.0
7eff1cb8f000-7eff1cb92000 rw-p 0006a000 08:05 132970                     /usr/lib/libORBit-2.so.0.1.0
7eff1cb92000-7eff1cbca000 r-xp 00000000 08:05 131360                     /usr/lib/libgconf-2.so.4.1.5
7eff1cbca000-7eff1cdca000 ---p 00038000 08:05 131360                     /usr/lib/libgconf-2.so.4.1.5
7eff1cdca000-7eff1cdcc000 r--p 00038000 08:05 131360                     /usr/lib/libgconf-2.so.4.1.5
7eff1cdcc000-7eff1cdcf000 rw-p 0003a000 08:05 131360                     /usr/lib/libgconf-2.so.4.1.5
7eff1cdcf000-7eff1cdf3000 r-xp 00000000 08:05 133142                     /usr/lib/libdbus-glib-1.so.2.1.0
7eff1cdf3000-7eff1cff3000 ---p 00024000 08:05 133142                     /usr/lib/libdbus-glib-1.so.2.1.0
7eff1cff3000-7eff1cff4000 r--p 00024000 08:05 133142                     /usr/lib/libdbus-glib-1.so.2.1.0
7eff1cff4000-7eff1cff5000 rw-p 00025000 08:05 133142                     /usr/lib/libdbus-glib-1.so.2.1.0
7eff1cff5000-7eff1cffe000 r-xp 00000000 08:05 147531                     /usr/lib/xulrunner-1.9.2.17/components/libdbusservice.so
7eff1cffe000-7eff1d1fe000 ---p 00009000 08:05 147531                     /usr/lib/xulrunner-1.9.2.17/components/libdbusservice.so
7eff1d1fe000-7eff1d1ff000 r--p 00009000 08:05 147531                     /usr/lib/xulrunner-1.9.2.17/components/libdbusservice.so
7eff1d1ff000-7eff1d200000 rw-p 0000a000 08:05 147531                     /usr/lib/xulrunner-1.9.2.17/components/libdbusservice.so
7eff1d200000-7eff1d20e000 r-xp 00000000 08:05 147530                     /usr/lib/xulrunner-1.9.2.17/components/libimgicon.so
7eff1d20e000-7eff1d40e000 ---p 0000e000 08:05 147530                     /usr/lib/xulrunner-1.9.2.17/components/libimgicon.so
7eff1d40e000-7eff1d410000 r--p 0000e000 08:05 147530                     /usr/lib/xulrunner-1.9.2.17/components/libimgicon.so
7eff1d410000-7eff1d411000 rw-p 00010000 08:05 147530                     /usr/lib/xulrunner-1.9.2.17/components/libimgicon.so
7eff1d411000-7eff1d412000 ---p 00000000 00:00 0 
7eff1d412000-7eff1dc12000 rw-p 00000000 00:00 0 
7eff1dc12000-7eff1dc13000 ---p 00000000 00:00 0 
7eff1dc13000-7eff1e413000 rw-p 00000000 00:00 0 
7eff1e413000-7eff1e414000 ---p 00000000 00:00 0 
7eff1e414000-7eff1ec14000 rw-p 00000000 00:00 0 
7eff1ec14000-7eff1ec15000 ---p 00000000 00:00 0 
7eff1ec15000-7eff1f415000 rw-p 00000000 00:00 0 
7eff1f415000-7eff1f418000 r-xp 00000000 08:05 1047732                    /usr/lib/x86_64-linux-gnu/gconv/UTF-16.so
7eff1f418000-7eff1f617000 ---p 00003000 08:05 1047732                    /usr/lib/x86_64-linux-gnu/gconv/UTF-16.so
7eff1f617000-7eff1f618000 r--p 00002000 08:05 1047732                    /usr/lib/x86_64-linux-gnu/gconv/UTF-16.so
7eff1f618000-7eff1f619000 rw-p 00003000 08:05 1047732                    /usr/lib/x86_64-linux-gnu/gconv/UTF-16.so
7eff1f619000-7eff1f631000 r-xp 00000000 08:05 1049789                    /home/huangyingw/sancho-0.9.4-59-linux-gtk-x86_64-java/lib/libswt-xulrunner-gtk-3509.so
7eff1f631000-7eff1f731000 ---p 00018000 08:05 1049789                    /home/huangyingw/sancho-0.9.4-59-linux-gtk-x86_64-java/lib/libswt-xulrunner-gtk-3509.so
7eff1f731000-7eff1f733000 rw-p 00018000 08:05 1049789                    /home/huangyingw/sancho-0.9.4-59-linux-gtk-x86_64-java/lib/libswt-xulrunner-gtk-3509.so
7eff1f733000-7eff1f737000 r-xp 00000000 08:05 147283                     /usr/lib/xulrunner-1.9.2.17/libxpcom.so
7eff1f737000-7eff1f936000 ---p 00004000 08:05 147283                     /usr/lib/xulrunner-1.9.2.17/libxpcom.so
7eff1f936000-7eff1f937000 r--p 00003000 08:05 147283                     /usr/lib/xulrunner-1.9.2.17/libxpcom.so
7eff1f937000-7eff1f938000 rw-p 00004000 08:05 147283                     /usr/lib/xulrunner-1.9.2.17/libxpcom.so
7eff1f938000-7eff1f93c000 r-xp 00000000 08:05 1048091                    /lib/x86_64-linux-gnu/libuuid.so.1.3.0
7eff1f93c000-7eff1fb3b000 ---p 00004000 08:05 1048091                    /lib/x86_64-linux-gnu/libuuid.so.1.3.0
7eff1fb3b000-7eff1fb3c000 r--p 00003000 08:05 1048091                    /lib/x86_64-linux-gnu/libuuid.so.1.3.0
7eff1fb3c000-7eff1fb3d000 rw-p 00004000 08:05 1048091                    /lib/x86_64-linux-gnu/libuuid.so.1.3.0
7eff1fb3d000-7eff1fb40000 r-xp 00000000 08:05 149612                     /usr/lib/libxcb-atom.so.1.0.0
7eff1fb40000-7eff1fd40000 ---p 00003000 08:05 149612                     /usr/lib/libxcb-atom.so.1.0.0
7eff1fd40000-7eff1fd41000 r--p 00003000 08:05 149612                     /usr/lib/libxcb-atom.so.1.0.0
7eff1fd41000-7eff1fd42000 rw-p 00004000 08:05 149612                     /usr/lib/libxcb-atom.so.1.0.0
7eff1fd42000-7eff1fd45000 r-xp 00000000 08:05 149616                     /usr/lib/libxcb-event.so.1.0.0
7eff1fd45000-7eff1ff45000 ---p 00003000 08:05 149616                     /usr/lib/libxcb-event.so.1.0.0
7eff1ff45000-7eff1ff46000 r--p 00003000 08:05 149616                     /usr/lib/libxcb-event.so.1.0.0
7eff1ff46000-7eff1ff47000 rw-p 00004000 08:05 149616                     /usr/lib/libxcb-event.so.1.0.0
7eff1ff47000-7eff1ff4a000 r-xp 00000000 08:05 149614                     /usr/lib/libxcb-aux.so.0.0.0
7eff1ff4a000-7eff20149000 ---p 00003000 08:05 149614                     /usr/lib/libxcb-aux.so.0.0.0
7eff20149000-7eff2014a000 r--p 00002000 08:05 149614                     /usr/lib/libxcb-aux.so.0.0.0
7eff2014a000-7eff2014b000 rw-p 00003000 08:05 149614                     /usr/lib/libxcb-aux.so.0.0.0
7eff2014b000-7eff20161000 r-xp 00000000 08:05 527084                     /usr/lib/x86_64-linux-gnu/libICE.so.6.3.0
7eff20161000-7eff20361000 ---p 00016000 08:05 527084                     /usr/lib/x86_64-linux-gnu/libICE.so.6.3.0
7eff20361000-7eff20362000 r--p 00016000 08:05 527084                     /usr/lib/x86_64-linux-gnu/libICE.so.6.3.0
7eff20362000-7eff20363000 rw-p 00017000 08:05 527084                     /usr/lib/x86_64-linux-gnu/libICE.so.6.3.0
7eff20363000-7eff20366000 rw-p 00000000 00:00 0 
7eff20366000-7eff2036d000 r-xp 00000000 08:05 531105                     /usr/lib/x86_64-linux-gnu/libSM.so.6.0.1
7eff2036d000-7eff2056c000 ---p 00007000 08:05 531105                     /usr/lib/x86_64-linux-gnu/libSM.so.6.0.1
7eff2056c000-7eff2056d000 r--p 00006000 08:05 531105                     /usr/lib/x86_64-linux-gnu/libSM.so.6.0.1
7eff2056d000-7eff2056e000 rw-p 00007000 08:05 531105                     /usr/lib/x86_64-linux-gnu/libSM.so.6.0.1
7eff2056e000-7eff20577000 r-xp 00000000 08:05 149398                     /usr/lib/libstartup-notification-1.so.0.0.0
7eff20577000-7eff20776000 ---p 00009000 08:05 149398                     /usr/lib/libstartup-notification-1.so.0.0.0
7eff20776000-7eff20777000 r--p 00008000 08:05 149398                     /usr/lib/libstartup-notification-1.so.0.0.0
7eff20777000-7eff20778000 rw-p 00009000 08:05 149398                     /usr/lib/libstartup-notification-1.so.0.0.0
7eff20778000-7eff207d7000 r-xp 00000000 08:05 531107                     /usr/lib/x86_64-linux-gnu/libXt.so.6.0.0
7eff207d7000-7eff209d7000 ---p 0005f000 08:05 531107                     /usr/lib/x86_64-linux-gnu/libXt.so.6.0.0
7eff209d7000-7eff209d8000 r--p 0005f000 08:05 531107                     /usr/lib/x86_64-linux-gnu/libXt.so.6.0.0
7eff209d8000-7eff209dd000 rw-p 00060000 08:05 531107                     /usr/lib/x86_64-linux-gnu/libXt.so.6.0.0
7eff209dd000-7eff209de000 rw-p 00000000 00:00 0 
7eff209de000-7eff20a2a000 r-xp 00000000 08:05 134163                     /usr/lib/libhunspell-1.2.so.0.0.0
7eff20a2a000-7eff20c29000 ---p 0004c000 08:05 134163                     /usr/lib/libhunspell-1.2.so.0.0.0
7eff20c29000-7eff20c2a000 r--p 0004b000 08:05 134163                     /usr/lib/libhunspell-1.2.so.0.0.0
7eff20c2a000-7eff20c2e000 rw-p 0004c000 08:05 134163                     /usr/lib/libhunspell-1.2.so.0.0.0
7eff20c2e000-7eff20c48000 r-xp 00000000 08:05 133436                     /usr/lib/libnssutil3.so
7eff20c48000-7eff20e47000 ---p 0001a000 08:05 133436                     /usr/lib/libnssutil3.so
7eff20e47000-7eff20e4c000 r--p 00019000 08:05 133436                     /usr/lib/libnssutil3.so
7eff20e4c000-7eff20e4d000 rw-p 0001e000 08:05 133436                     /usr/lib/libnssutil3.so
7eff20e4d000-7eff20f7e000 r-xp 00000000 08:05 133438                     /usr/lib/libnss3.so
7eff20f7e000-7eff2117e000 ---p 00131000 08:05 133438                     /usr/lib/libnss3.so
7eff2117e000-7eff21183000 r--p 00131000 08:05 133438                     /usr/lib/libnss3.so
7eff21183000-7eff21185000 rw-p 00136000 08:05 133438                     /usr/lib/libnss3.so
7eff21185000-7eff21187000 rw-p 00000000 00:00 0 
7eff21187000-7eff211af000 r-xp 00000000 08:05 133434                     /usr/lib/libsmime3.so
7eff211af000-7eff213af000 ---p 00028000 08:05 133434                     /usr/lib/libsmime3.so
7eff213af000-7eff213b2000 r--p 00028000 08:05 133434                     /usr/lib/libsmime3.so
7eff213b2000-7eff213b3000 rw-p 0002b000 08:05 133434                     /usr/lib/libsmime3.so
7eff213b3000-7eff213e8000 r-xp 00000000 08:05 133432                     /usr/lib/libssl3.so
7eff213e8000-7eff215e8000 ---p 00035000 08:05 133432                     /usr/lib/libssl3.so
7eff215e8000-7eff215ea000 r--p 00035000 08:05 133432                     /usr/lib/libssl3.so
7eff215ea000-7eff215eb000 rw-p 00037000 08:05 133432                     /usr/lib/libssl3.so
7eff215eb000-7eff215ec000 rw-p 00000000 00:00 0 
7eff215ec000-7eff21682000 r-xp 00000000 08:05 540733                     /usr/lib/x86_64-linux-gnu/libsqlite3.so.0.8.6
7eff21682000-7eff21881000 ---p 00096000 08:05 540733                     /usr/lib/x86_64-linux-gnu/libsqlite3.so.0.8.6
7eff21881000-7eff21883000 r--p 00095000 08:05 540733                     /usr/lib/x86_64-linux-gnu/libsqlite3.so.0.8.6
7eff21883000-7eff21885000 rw-p 00097000 08:05 540733                     /usr/lib/x86_64-linux-gnu/libsqlite3.so.0.8.6
7eff21885000-7eff22baf000 r-xp 00000000 08:05 147284                     /usr/lib/xulrunner-1.9.2.17/libxul.so
7eff22baf000-7eff22dae000 ---p 0132a000 08:05 147284                     /usr/lib/xulrunner-1.9.2.17/libxul.so
7eff22dae000-7eff22f65000 r--p 01329000 08:05 147284                     /usr/lib/xulrunner-1.9.2.17/libxul.so
7eff22f65000-7eff22f7a000 rw-p 014e0000 08:05 147284                     /usr/lib/xulrunner-1.9.2.17/libxul.so
7eff22f7a000-7eff22f95000 rw-p 00000000 00:00 0 
7eff22f95000-7eff22fcc000 r-xp 00000000 08:05 133406                     /usr/lib/libnspr4.so
7eff22fcc000-7eff231cb000 ---p 00037000 08:05 133406                     /usr/lib/libnspr4.so
7eff231cb000-7eff231cc000 r--p 00036000 08:05 133406                     /usr/lib/libnspr4.so
7eff231cc000-7eff231cd000 rw-p 00037000 08:05 133406                     /usr/lib/libnspr4.so
7eff231cd000-7eff231d0000 rw-p 00000000 00:00 0 
7eff231d0000-7eff231d4000 r-xp 00000000 08:05 133398                     /usr/lib/libplc4.so
7eff231d4000-7eff233d3000 ---p 00004000 08:05 133398                     /usr/lib/libplc4.so
7eff233d3000-7eff233d4000 r--p 00003000 08:05 133398                     /usr/lib/libplc4.so
7eff233d4000-7eff233d5000 rw-p 00004000 08:05 133398                     /usr/lib/libplc4.so
7eff233d5000-7eff233d8000 r-xp 00000000 08:05 133402                     /usr/lib/libplds4.so
7eff233d8000-7eff235d7000 ---p 00003000 08:05 133402                     /usr/lib/libplds4.so
7eff235d7000-7eff235d8000 r--p 00002000 08:05 133402                     /usr/lib/libplds4.so
7eff235d8000-7eff235d9000 rw-p 00003000 08:05 133402                     /usr/lib/libplds4.so
7eff235d9000-7eff236f0000 r-xp 00000000 08:05 147282                     /usr/lib/xulrunner-1.9.2.17/libmozjs.so
7eff236f0000-7eff238f0000 ---p 00117000 08:05 147282                     /usr/lib/xulrunner-1.9.2.17/libmozjs.so
7eff238f0000-7eff238f3000 r--p 00117000 08:05 147282                     /usr/lib/xulrunner-1.9.2.17/libmozjs.so
7eff238f3000-7eff238fb000 rw-p 0011a000 08:05 147282                     /usr/lib/xulrunner-1.9.2.17/libmozjs.so
7eff238fb000-7eff238fc000 rw-p 00000000 00:00 0 
7eff238fc000-7eff23903000 r-xp 00000000 08:05 1049788                    /home/huangyingw/sancho-0.9.4-59-linux-gtk-x86_64-java/lib/libswt-xpcominit-gtk-3509.so
7eff23903000-7eff23a03000 ---p 00007000 08:05 1049788                    /home/huangyingw/sancho-0.9.4-59-linux-gtk-x86_64-java/lib/libswt-xpcominit-gtk-3509.so
7eff23a03000-7eff23a05000 rw-p 00007000 08:05 1049788                    /home/huangyingw/sancho-0.9.4-59-linux-gtk-x86_64-java/lib/libswt-xpcominit-gtk-3509.so
7eff23a05000-7eff23a3c000 r--p 00000000 08:05 1059816                    /usr/share/fonts/truetype/ttf-dejavu/DejaVuSansMono-BoldOblique.ttf
7eff23a75000-7eff23abf000 r--p 00000000 08:05 1059365                    /usr/share/fonts/truetype/ttf-dejavu/DejaVuSansMono-Bold.ttf
7eff23abf000-7eff23b0e000 r--p 00000000 08:05 1059364                    /usr/share/fonts/truetype/ttf-dejavu/DejaVuSansMono.ttf
7eff23b0e000-7eff23b8f000 r--p 00000000 08:05 1059814                    /usr/share/fonts/truetype/ttf-dejavu/DejaVuSans-BoldOblique.ttf
7eff23bbf000-7eff23c4e000 r--p 00000000 08:05 1059363                    /usr/share/fonts/truetype/ttf-dejavu/DejaVuSans-Bold.ttf
7eff23c4e000-7eff23c9f000 r--p 00000000 08:05 1059366                    /usr/share/fonts/truetype/ttf-dejavu/DejaVuSerif.ttf
7eff23c9f000-7eff23ca1000 r-xp 00000000 08:05 1047425                    /lib/x86_64-linux-gnu/libutil-2.13.so
7eff23ca1000-7eff23ea0000 ---p 00002000 08:05 1047425                    /lib/x86_64-linux-gnu/libutil-2.13.so
7eff23ea0000-7eff23ea1000 r--p 00001000 08:05 1047425                    /lib/x86_64-linux-gnu/libutil-2.13.so
7eff23ea1000-7eff23ea2000 rw-p 00002000 08:05 1047425                    /lib/x86_64-linux-gnu/libutil-2.13.so
7eff23ea2000-7eff23eaf000 r-xp 00000000 08:05 1044594                    /lib/x86_64-linux-gnu/libudev.so.0.11.1
7eff23eaf000-7eff240ae000 ---p 0000d000 08:05 1044594                    /lib/x86_64-linux-gnu/libudev.so.0.11.1
7eff240ae000-7eff240af000 r--p 0000c000 08:05 1044594                    /lib/x86_64-linux-gnu/libudev.so.0.11.1
7eff240af000-7eff240b0000 rw-p 0000d000 08:05 1044594                    /lib/x86_64-linux-gnu/libudev.so.0.11.1
7eff240b0000-7eff240c7000 r-xp 00000000 08:05 134514                     /usr/lib/libgvfscommon.so.0.0.0
7eff240c7000-7eff242c6000 ---p 00017000 08:05 134514                     /usr/lib/libgvfscommon.so.0.0.0
7eff242c6000-7eff242c7000 r--p 00016000 08:05 134514                     /usr/lib/libgvfscommon.so.0.0.0
7eff242c7000-7eff242c8000 rw-p 00017000 08:05 134514                     /usr/lib/libgvfscommon.so.0.0.0
7eff242c8000-7eff242f1000 r-xp 00000000 08:05 530177                     /usr/lib/gio/modules/libgvfsdbus.so
7eff242f1000-7eff244f0000 ---p 00029000 08:05 530177                     /usr/lib/gio/modules/libgvfsdbus.so
7eff244f0000-7eff244f1000 r--p 00028000 08:05 530177                     /usr/lib/gio/modules/libgvfsdbus.so
7eff244f1000-7eff244f2000 rw-p 00029000 08:05 530177                     /usr/lib/gio/modules/libgvfsdbus.so
7eff244f2000-7eff24534000 r-xp 00000000 08:05 1047886                    /lib/x86_64-linux-gnu/libdbus-1.so.3.5.4
7eff24534000-7eff24734000 ---p 00042000 08:05 1047886                    /lib/x86_64-linux-gnu/libdbus-1.so.3.5.4
7eff24734000-7eff24735000 r--p 00042000 08:05 1047886                    /lib/x86_64-linux-gnu/libdbus-1.so.3.5.4
7eff24735000-7eff24736000 rw-p 00043000 08:05 1047886                    /lib/x86_64-linux-gnu/libdbus-1.so.3.5.4
7eff24736000-7eff24778000 r-xp 00000000 08:05 145485                     /usr/lib/libibus.so.2.0.0
7eff24778000-7eff24978000 ---p 00042000 08:05 145485                     /usr/lib/libibus.so.2.0.0
7eff24978000-7eff24979000 r--p 00042000 08:05 145485                     /usr/lib/libibus.so.2.0.0
7eff24979000-7eff2497a000 rw-p 00043000 08:05 145485                     /usr/lib/libibus.so.2.0.0
7eff2497a000-7eff2497b000 rw-p 00000000 00:00 0 
7eff2497b000-7eff24980000 r-xp 00000000 08:05 528323                     /usr/lib/gtk-2.0/2.10.0/immodules/im-ibus.so
7eff24980000-7eff24b7f000 ---p 00005000 08:05 528323                     /usr/lib/gtk-2.0/2.10.0/immodules/im-ibus.so
7eff24b7f000-7eff24b80000 r--p 00004000 08:05 528323                     /usr/lib/gtk-2.0/2.10.0/immodules/im-ibus.so
7eff24b80000-7eff24b81000 rw-p 00005000 08:05 528323                     /usr/lib/gtk-2.0/2.10.0/immodules/im-ibus.so
7eff24b81000-7eff24b82000 ---p 00000000 00:00 0 
7eff24b82000-7eff25382000 rw-p 00000000 00:00 0 
7eff25382000-7eff25383000 ---p 00000000 00:00 0 
7eff25383000-7eff25b83000 rw-p 00000000 00:00 0 
7eff25b83000-7eff25b9a000 r-xp 00000000 08:05 133233                     /usr/lib/libdbusmenu-glib.so.3.0.14
7eff25b9a000-7eff25d9a000 ---p 00017000 08:05 133233                     /usr/lib/libdbusmenu-glib.so.3.0.14
7eff25d9a000-7eff25d9b000 r--p 00017000 08:05 133233                     /usr/lib/libdbusmenu-glib.so.3.0.14
7eff25d9b000-7eff25d9c000 rw-p 00018000 08:05 133233                     /usr/lib/libdbusmenu-glib.so.3.0.14
7eff25d9c000-7eff25dad000 r-xp 00000000 08:05 133340                     /usr/lib/libdbusmenu-gtk.so.3.0.14
7eff25dad000-7eff25fac000 ---p 00011000 08:05 133340                     /usr/lib/libdbusmenu-gtk.so.3.0.14
7eff25fac000-7eff25fad000 r--p 00010000 08:05 133340                     /usr/lib/libdbusmenu-gtk.so.3.0.14
7eff25fad000-7eff25fae000 rw-p 00011000 08:05 133340                     /usr/lib/libdbusmenu-gtk.so.3.0.14
7eff25fae000-7eff25fb3000 r-xp 00000000 08:05 677079                     /usr/lib/gtk-2.0/2.10.0/menuproxies/libappmenu.so
7eff25fb3000-7eff261b2000 ---p 00005000 08:05 677079                     /usr/lib/gtk-2.0/2.10.0/menuproxies/libappmenu.so
7eff261b2000-7eff261b3000 r--p 00004000 08:05 677079                     /usr/lib/gtk-2.0/2.10.0/menuproxies/libappmenu.so
7eff261b3000-7eff261b4000 rw-p 00005000 08:05 677079                     /usr/lib/gtk-2.0/2.10.0/menuproxies/libappmenu.so
7eff261b4000-7eff261c9000 r-xp 00000000 08:05 670601                     /usr/lib/jvm/java-6-openjdk/jre/lib/amd64/libnet.so
7eff261c9000-7eff263c8000 ---p 00015000 08:05 670601                     /usr/lib/jvm/java-6-openjdk/jre/lib/amd64/libnet.so
7eff263c8000-7eff263c9000 r--p 00014000 08:05 670601                     /usr/lib/jvm/java-6-openjdk/jre/lib/amd64/libnet.so
7eff263c9000-7eff263ca000 rw-p 00015000 08:05 670601                     /usr/lib/jvm/java-6-openjdk/jre/lib/amd64/libnet.so
7eff263ca000-7eff277df000 r--p 00000000 08:05 1060523                    /usr/share/fonts/truetype/arphic/uming.ttc
7eff277df000-7eff278c3000 r-xp 00000000 08:05 133733                     /usr/lib/libasound.so.2.0.0
7eff278c3000-7eff27ac3000 ---p 000e4000 08:05 133733                     /usr/lib/libasound.so.2.0.0
7eff27ac3000-7eff27ac9000 r--p 000e4000 08:05 133733                     /usr/lib/libasound.so.2.0.0
7eff27ac9000-7eff27aca000 rw-p 000ea000 08:05 133733                     /usr/lib/libasound.so.2.0.0
7eff27aca000-7eff27ace000 r-xp 00000000 08:05 133747                     /usr/lib/libcanberra-0.28/libcanberra-alsa.so
7eff27ace000-7eff27ccd000 ---p 00004000 08:05 133747                     /usr/lib/libcanberra-0.28/libcanberra-alsa.so
7eff27ccd000-7eff27cce000 r--p 00003000 08:05 133747                     /usr/lib/libcanberra-0.28/libcanberra-alsa.so
7eff27cce000-7eff27ccf000 rw-p 00004000 08:05 133747                     /usr/lib/libcanberra-0.28/libcanberra-alsa.so
7eff27d1a000-7eff27d1d000 ---p 00000000 00:00 0 
7eff27d1d000-7eff27e1b000 rw-p 00000000 00:00 0 
7eff27e1b000-7eff27e1e000 ---p 00000000 00:00 0 
7eff27e1e000-7eff27f1c000 rw-p 00000000 00:00 0 
7eff27f49000-7eff27f4c000 ---p 00000000 00:00 0 
7eff27f4c000-7eff2804a000 rw-p 00000000 00:00 0 
7eff2804a000-7eff280aa000 rw-s 00000000 00:04 917517                     /SYSV00000000 (deleted)
7eff280aa000-7eff28145000 r--p 00000000 08:05 1059362                    /usr/share/fonts/truetype/ttf-dejavu/DejaVuSans.ttf
7eff28145000-7eff28147000 r-xp 00000000 08:05 672736                     /usr/lib/x86_64-linux-gnu/pango/1.6.0/modules/pango-basic-fc.so
7eff28147000-7eff28346000 ---p 00002000 08:05 672736                     /usr/lib/x86_64-linux-gnu/pango/1.6.0/modules/pango-basic-fc.so
7eff28346000-7eff28347000 r--p 00001000 08:05 672736                     /usr/lib/x86_64-linux-gnu/pango/1.6.0/modules/pango-basic-fc.so
7eff28347000-7eff28348000 rw-p 00002000 08:05 672736                     /usr/lib/x86_64-linux-gnu/pango/1.6.0/modules/pango-basic-fc.so
7eff28348000-7eff28351000 r-xp 00000000 08:05 525662                     /usr/lib/gtk-2.0/2.10.0/engines/libpixmap.so
7eff28351000-7eff28551000 ---p 00009000 08:05 525662                     /usr/lib/gtk-2.0/2.10.0/engines/libpixmap.so
7eff28551000-7eff28552000 r--p 00009000 08:05 525662                     /usr/lib/gtk-2.0/2.10.0/engines/libpixmap.so
7eff28552000-7eff28553000 rw-p 0000a000 08:05 525662                     /usr/lib/gtk-2.0/2.10.0/engines/libpixmap.so
7eff28553000-7eff28582000 r-xp 00000000 08:05 544097                     /usr/lib/gtk-2.0/2.10.0/engines/libmurrine.so
7eff28582000-7eff28782000 ---p 0002f000 08:05 544097                     /usr/lib/gtk-2.0/2.10.0/engines/libmurrine.so
7eff28782000-7eff28783000 r--p 0002f000 08:05 544097                     /usr/lib/gtk-2.0/2.10.0/engines/libmurrine.so
7eff28783000-7eff28784000 rw-p 00030000 08:05 544097                     /usr/lib/gtk-2.0/2.10.0/engines/libmurrine.so
7eff28784000-7eff2878a000 r-xp 00000000 08:05 146426                     /usr/lib/libogg.so.0.7.0
7eff2878a000-7eff28989000 ---p 00006000 08:05 146426                     /usr/lib/libogg.so.0.7.0
7eff28989000-7eff2898a000 r--p 00005000 08:05 146426                     /usr/lib/libogg.so.0.7.0
7eff2898a000-7eff2898b000 rw-p 00006000 08:05 146426                     /usr/lib/libogg.so.0.7.0
7eff2898b000-7eff289b6000 r-xp 00000000 08:05 133537                     /usr/lib/libvorbis.so.0.4.5
7eff289b6000-7eff28bb5000 ---p 0002b000 08:05 133537                     /usr/lib/libvorbis.so.0.4.5
7eff28bb5000-7eff28bb6000 r--p 0002a000 08:05 133537                     /usr/lib/libvorbis.so.0.4.5
7eff28bb6000-7eff28bb7000 rw-p 0002b000 08:05 133537                     /usr/lib/libvorbis.so.0.4.5
7eff28bb7000-7eff28bbf000 r-xp 00000000 08:05 133743                     /usr/lib/libltdl.so.7.2.1
7eff28bbf000-7eff28dbf000 ---p 00008000 08:05 133743                     /usr/lib/libltdl.so.7.2.1
7eff28dbf000-7eff28dc0000 r--p 00008000 08:05 133743                     /usr/lib/libltdl.so.7.2.1
7eff28dc0000-7eff28dc1000 rw-p 00009000 08:05 133743                     /usr/lib/libltdl.so.7.2.1
7eff28dc1000-7eff28dd1000 r-xp 00000000 08:05 133735                     /usr/lib/libtdb.so.1.2.9
7eff28dd1000-7eff28fd0000 ---p 00010000 08:05 133735                     /usr/lib/libtdb.so.1.2.9
7eff28fd0000-7eff28fd1000 r--p 0000f000 08:05 133735                     /usr/lib/libtdb.so.1.2.9
7eff28fd1000-7eff28fd2000 rw-p 00010000 08:05 133735                     /usr/lib/libtdb.so.1.2.9
7eff28fd2000-7eff28fd9000 r-xp 00000000 08:05 133531                     /usr/lib/libvorbisfile.so.3.3.4
7eff28fd9000-7eff291d8000 ---p 00007000 08:05 133531                     /usr/lib/libvorbisfile.so.3.3.4
7eff291d8000-7eff291d9000 r--p 00006000 08:05 133531                     /usr/lib/libvorbisfile.so.3.3.4
7eff291d9000-7eff291da000 rw-p 00007000 08:05 133531                     /usr/lib/libvorbisfile.so.3.3.4
7eff291da000-7eff291e9000 r-xp 00000000 08:05 133745                     /usr/lib/libcanberra.so.0.2.5
7eff291e9000-7eff293e8000 ---p 0000f000 08:05 133745                     /usr/lib/libcanberra.so.0.2.5
7eff293e8000-7eff293e9000 r--p 0000e000 08:05 133745                     /usr/lib/libcanberra.so.0.2.5
7eff293e9000-7eff293ea000 rw-p 0000f000 08:05 133745                     /usr/lib/libcanberra.so.0.2.5
7eff293ea000-7eff293ee000 r-xp 00000000 08:05 133749                     /usr/lib/libcanberra-gtk.so.0.1.8
7eff293ee000-7eff295ed000 ---p 00004000 08:05 133749                     /usr/lib/libcanberra-gtk.so.0.1.8
7eff295ed000-7eff295ee000 r--p 00003000 08:05 133749                     /usr/lib/libcanberra-gtk.so.0.1.8
7eff295ee000-7eff295ef000 rw-p 00004000 08:05 133749                     /usr/lib/libcanberra-gtk.so.0.1.8
7eff295ef000-7eff295f4000 r-xp 00000000 08:05 528853                     /usr/lib/gtk-2.0/modules/libcanberra-gtk-module.so
7eff295f4000-7eff297f3000 ---p 00005000 08:05 528853                     /usr/lib/gtk-2.0/modules/libcanberra-gtk-module.so
7eff297f3000-7eff297f4000 r--p 00004000 08:05 528853                     /usr/lib/gtk-2.0/modules/libcanberra-gtk-module.so
7eff297f4000-7eff297f5000 rw-p 00005000 08:05 528853                     /usr/lib/gtk-2.0/modules/libcanberra-gtk-module.so
7eff297f5000-7eff297ff000 r-xp 00000000 08:05 149097                     /usr/lib/liboverlay-scrollbar-0.1.so.0.0.12
7eff297ff000-7eff299fe000 ---p 0000a000 08:05 149097                     /usr/lib/liboverlay-scrollbar-0.1.so.0.0.12
7eff299fe000-7eff299ff000 r--p 00009000 08:05 149097                     /usr/lib/liboverlay-scrollbar-0.1.so.0.0.12
7eff299ff000-7eff29a00000 rw-p 0000a000 08:05 149097                     /usr/lib/liboverlay-scrollbar-0.1.so.0.0.12
7eff29a00000-7eff29a05000 r-xp 00000000 08:05 522833                     /usr/lib/x86_64-linux-gnu/libXdmcp.so.6.0.0
7eff29a05000-7eff29c04000 ---p 00005000 08:05 522833                     /usr/lib/x86_64-linux-gnu/libXdmcp.so.6.0.0
7eff29c04000-7eff29c05000 r--p 00004000 08:05 522833                     /usr/lib/x86_64-linux-gnu/libXdmcp.so.6.0.0
7eff29c05000-7eff29c06000 rw-p 00005000 08:05 522833                     /usr/lib/x86_64-linux-gnu/libXdmcp.so.6.0.0
7eff29c06000-7eff29c08000 r-xp 00000000 08:05 522796                     /usr/lib/x86_64-linux-gnu/libXau.so.6.0.0
7eff29c08000-7eff29e07000 ---p 00002000 08:05 522796                     /usr/lib/x86_64-linux-gnu/libXau.so.6.0.0
7eff29e07000-7eff29e08000 r--p 00001000 08:05 522796                     /usr/lib/x86_64-linux-gnu/libXau.so.6.0.0
7eff29e08000-7eff29e09000 rw-p 00002000 08:05 522796                     /usr/lib/x86_64-linux-gnu/libXau.so.6.0.0
7eff29e09000-7eff29e30000 r-xp 00000000 08:05 1048040                    /lib/x86_64-linux-gnu/libexpat.so.1.5.2
7eff29e30000-7eff2a030000 ---p 00027000 08:05 1048040                    /lib/x86_64-linux-gnu/libexpat.so.1.5.2
7eff2a030000-7eff2a032000 r--p 00027000 08:05 1048040                    /lib/x86_64-linux-gnu/libexpat.so.1.5.2
7eff2a032000-7eff2a033000 rw-p 00029000 08:05 1048040                    /lib/x86_64-linux-gnu/libexpat.so.1.5.2
7eff2a033000-7eff2a04f000 r-xp 00000000 08:05 1047823                    /lib/x86_64-linux-gnu/libselinux.so.1
7eff2a04f000-7eff2a24e000 ---p 0001c000 08:05 1047823                    /lib/x86_64-linux-gnu/libselinux.so.1
7eff2a24e000-7eff2a24f000 r--p 0001b000 08:05 1047823                    /lib/x86_64-linux-gnu/libselinux.so.1
7eff2a24f000-7eff2a250000 rw-p 0001c000 08:05 1047823                    /lib/x86_64-linux-gnu/libselinux.so.1
7eff2a250000-7eff2a251000 rw-p 00000000 00:00 0 
7eff2a251000-7eff2a268000 r-xp 00000000 08:05 1047421                    /lib/x86_64-linux-gnu/libresolv-2.13.so
7eff2a268000-7eff2a468000 ---p 00017000 08:05 1047421                    /lib/x86_64-linux-gnu/libresolv-2.13.so
7eff2a468000-7eff2a469000 r--p 00017000 08:05 1047421                    /lib/x86_64-linux-gnu/libresolv-2.13.so
7eff2a469000-7eff2a46a000 rw-p 00018000 08:05 1047421                    /lib/x86_64-linux-gnu/libresolv-2.13.so
7eff2a46a000-7eff2a46c000 rw-p 00000000 00:00 0 
7eff2a46c000-7eff2a473000 r-xp 00000000 08:05 540717                     /usr/lib/x86_64-linux-gnu/libxcb-render.so.0.0.0
7eff2a473000-7eff2a673000 ---p 00007000 08:05 540717                     /usr/lib/x86_64-linux-gnu/libxcb-render.so.0.0.0
7eff2a673000-7eff2a674000 r--p 00007000 08:05 540717                     /usr/lib/x86_64-linux-gnu/libxcb-render.so.0.0.0
7eff2a674000-7eff2a675000 rw-p 00008000 08:05 540717                     /usr/lib/x86_64-linux-gnu/libxcb-render.so.0.0.0
7eff2a675000-7eff2a677000 r-xp 00000000 08:05 540723                     /usr/lib/x86_64-linux-gnu/libxcb-shm.so.0.0.0
7eff2a677000-7eff2a876000 ---p 00002000 08:05 540723                     /usr/lib/x86_64-linux-gnu/libxcb-shm.so.0.0.0
7eff2a876000-7eff2a877000 r--p 00001000 08:05 540723                     /usr/lib/x86_64-linux-gnu/libxcb-shm.so.0.0.0
7eff2a877000-7eff2a878000 rw-p 00002000 08:05 540723                     /usr/lib/x86_64-linux-gnu/libxcb-shm.so.0.0.0
7eff2a878000-7eff2a89e000 r-xp 00000000 08:05 1048657                    /lib/x86_64-linux-gnu/libpng12.so.0.44.0
7eff2a89e000-7eff2aa9d000 ---p 00026000 08:05 1048657                    /lib/x86_64-linux-gnu/libpng12.so.0.44.0
7eff2aa9d000-7eff2aa9e000 r--p 00025000 08:05 1048657                    /lib/x86_64-linux-gnu/libpng12.so.0.44.0
7eff2aa9e000-7eff2aa9f000 rw-p 00026000 08:05 1048657                    /lib/x86_64-linux-gnu/libpng12.so.0.44.0
7eff2aa9f000-7eff2ab07000 r-xp 00000000 08:05 133193                     /usr/lib/libpixman-1.so.0.20.2
7eff2ab07000-7eff2ad07000 ---p 00068000 08:05 133193                     /usr/lib/libpixman-1.so.0.20.2
7eff2ad07000-7eff2ad0c000 r--p 00068000 08:05 133193                     /usr/lib/libpixman-1.so.0.20.2
7eff2ad0c000-7eff2ad0d000 rw-p 0006d000 08:05 133193                     /usr/lib/libpixman-1.so.0.20.2
7eff2ad0d000-7eff2ad28000 r-xp 00000000 08:05 522847                     /usr/lib/x86_64-linux-gnu/libxcb.so.1.1.0
7eff2ad28000-7eff2af27000 ---p 0001b000 08:05 522847                     /usr/lib/x86_64-linux-gnu/libxcb.so.1.1.0
7eff2af27000-7eff2af28000 r--p 0001a000 08:05 522847                     /usr/lib/x86_64-linux-gnu/libxcb.so.1.1.0
7eff2af28000-7eff2af29000 rw-p 0001b000 08:05 522847                     /usr/lib/x86_64-linux-gnu/libxcb.so.1.1.0
7eff2af29000-7eff2af32000 r-xp 00000000 08:05 540969                     /usr/lib/x86_64-linux-gnu/libXcursor.so.1.0.2
7eff2af32000-7eff2b131000 ---p 00009000 08:05 540969                     /usr/lib/x86_64-linux-gnu/libXcursor.so.1.0.2
7eff2b131000-7eff2b132000 r--p 00008000 08:05 540969                     /usr/lib/x86_64-linux-gnu/libXcursor.so.1.0.2
7eff2b132000-7eff2b133000 rw-p 00009000 08:05 540969                     /usr/lib/x86_64-linux-gnu/libXcursor.so.1.0.2
7eff2b133000-7eff2b13b000 r-xp 00000000 08:05 540953                     /usr/lib/x86_64-linux-gnu/libXrandr.so.2.2.0
7eff2b13b000-7eff2b33a000 ---p 00008000 08:05 540953                     /usr/lib/x86_64-linux-gnu/libXrandr.so.2.2.0
7eff2b33a000-7eff2b33b000 r--p 00007000 08:05 540953                     /usr/lib/x86_64-linux-gnu/libXrandr.so.2.2.0
7eff2b33b000-7eff2b33c000 rw-p 00008000 08:05 540953                     /usr/lib/x86_64-linux-gnu/libXrandr.so.2.2.0
7eff2b33c000-7eff2b34b000 r-xp 00000000 08:05 540948                     /usr/lib/x86_64-linux-gnu/libXi.so.6.1.0
7eff2b34b000-7eff2b54a000 ---p 0000f000 08:05 540948                     /usr/lib/x86_64-linux-gnu/libXi.so.6.1.0
7eff2b54a000-7eff2b54b000 r--p 0000e000 08:05 540948                     /usr/lib/x86_64-linux-gnu/libXi.so.6.1.0
7eff2b54b000-7eff2b54c000 rw-p 0000f000 08:05 540948                     /usr/lib/x86_64-linux-gnu/libXi.so.6.1.0
7eff2b54c000-7eff2b54e000 r-xp 00000000 08:05 540943                     /usr/lib/x86_64-linux-gnu/libXinerama.so.1.0.0
7eff2b54e000-7eff2b74d000 ---p 00002000 08:05 540943                     /usr/lib/x86_64-linux-gnu/libXinerama.so.1.0.0
7eff2b74d000-7eff2b74e000 r--p 00001000 08:05 540943                     /usr/lib/x86_64-linux-gnu/libXinerama.so.1.0.0
7eff2b74e000-7eff2b74f000 rw-p 00002000 08:05 540943                     /usr/lib/x86_64-linux-gnu/libXinerama.so.1.0.0
7eff2b74f000-7eff2b758000 r-xp 00000000 08:05 540684                     /usr/lib/x86_64-linux-gnu/libXrender.so.1.3.0
7eff2b758000-7eff2b958000 ---p 00009000 08:05 540684                     /usr/lib/x86_64-linux-gnu/libXrender.so.1.3.0
7eff2b958000-7eff2b959000 r--p 00009000 08:05 540684                     /usr/lib/x86_64-linux-gnu/libXrender.so.1.3.0
7eff2b959000-7eff2b95a000 rw-p 0000a000 08:05 540684                     /usr/lib/x86_64-linux-gnu/libXrender.so.1.3.0
7eff2b95a000-7eff2b96b000 r-xp 00000000 08:05 522955                     /usr/lib/x86_64-linux-gnu/libXext.so.6.4.0
7eff2b96b000-7eff2bb6a000 ---p 00011000 08:05 522955                     /usr/lib/x86_64-linux-gnu/libXext.so.6.4.0
7eff2bb6a000-7eff2bb6b000 r--p 00010000 08:05 522955                     /usr/lib/x86_64-linux-gnu/libXext.so.6.4.0
7eff2bb6b000-7eff2bb6c000 rw-p 00011000 08:05 522955                     /usr/lib/x86_64-linux-gnu/libXext.so.6.4.0
7eff2bb6c000-7eff2bba7000 r-xp 00000000 08:05 1047800                    /lib/x86_64-linux-gnu/libpcre.so.3.12.1
7eff2bba7000-7eff2bda6000 ---p 0003b000 08:05 1047800                    /lib/x86_64-linux-gnu/libpcre.so.3.12.1
7eff2bda6000-7eff2bda7000 r--p 0003a000 08:05 1047800                    /lib/x86_64-linux-gnu/libpcre.so.3.12.1
7eff2bda7000-7eff2bda8000 rw-p 0003b000 08:05 1047800                    /lib/x86_64-linux-gnu/libpcre.so.3.12.1
7eff2bda8000-7eff2be95000 r-xp 00000000 08:05 1047855                    /lib/x86_64-linux-gnu/libglib-2.0.so.0.2800.6
7eff2be95000-7eff2c094000 ---p 000ed000 08:05 1047855                    /lib/x86_64-linux-gnu/libglib-2.0.so.0.2800.6
7eff2c094000-7eff2c095000 r--p 000ec000 08:05 1047855                    /lib/x86_64-linux-gnu/libglib-2.0.so.0.2800.6
7eff2c095000-7eff2c096000 rw-p 000ed000 08:05 1047855                    /lib/x86_64-linux-gnu/libglib-2.0.so.0.2800.6
7eff2c096000-7eff2c097000 rw-p 00000000 00:00 0 
7eff2c097000-7eff2c09a000 r-xp 00000000 08:05 534216                     /usr/lib/x86_64-linux-gnu/libgmodule-2.0.so.0.2800.6
7eff2c09a000-7eff2c299000 ---p 00003000 08:05 534216                     /usr/lib/x86_64-linux-gnu/libgmodule-2.0.so.0.2800.6
7eff2c299000-7eff2c29a000 r--p 00002000 08:05 534216                     /usr/lib/x86_64-linux-gnu/libgmodule-2.0.so.0.2800.6
7eff2c29a000-7eff2c29b000 rw-p 00003000 08:05 534216                     /usr/lib/x86_64-linux-gnu/libgmodule-2.0.so.0.2800.6
7eff2c29b000-7eff2c2e9000 r-xp 00000000 08:05 534217                     /usr/lib/x86_64-linux-gnu/libgobject-2.0.so.0.2800.6
7eff2c2e9000-7eff2c4e9000 ---p 0004e000 08:05 534217                     /usr/lib/x86_64-linux-gnu/libgobject-2.0.so.0.2800.6
7eff2c4e9000-7eff2c4ea000 r--p 0004e000 08:05 534217                     /usr/lib/x86_64-linux-gnu/libgobject-2.0.so.0.2800.6
7eff2c4ea000-7eff2c4eb000 rw-p 0004f000 08:05 534217                     /usr/lib/x86_64-linux-gnu/libgobject-2.0.so.0.2800.6
7eff2c4eb000-7eff2c4ec000 rw-p 00000000 00:00 0 
7eff2c4ec000-7eff2c520000 r-xp 00000000 08:05 540695                     /usr/lib/x86_64-linux-gnu/libfontconfig.so.1.4.4
7eff2c520000-7eff2c720000 ---p 00034000 08:05 540695                     /usr/lib/x86_64-linux-gnu/libfontconfig.so.1.4.4
7eff2c720000-7eff2c721000 r--p 00034000 08:05 540695                     /usr/lib/x86_64-linux-gnu/libfontconfig.so.1.4.4
7eff2c721000-7eff2c722000 rw-p 00035000 08:05 540695                     /usr/lib/x86_64-linux-gnu/libfontconfig.so.1.4.4
7eff2c722000-7eff2c7b5000 r-xp 00000000 08:05 540682                     /usr/lib/x86_64-linux-gnu/libfreetype.so.6.6.2
7eff2c7b5000-7eff2c9b4000 ---p 00093000 08:05 540682                     /usr/lib/x86_64-linux-gnu/libfreetype.so.6.6.2
7eff2c9b4000-7eff2c9ba000 r--p 00092000 08:05 540682                     /usr/lib/x86_64-linux-gnu/libfreetype.so.6.6.2
7eff2c9ba000-7eff2c9bb000 rw-p 00098000 08:05 540682                     /usr/lib/x86_64-linux-gnu/libfreetype.so.6.6.2
7eff2c9bb000-7eff2ca02000 r-xp 00000000 08:05 525791                     /usr/lib/x86_64-linux-gnu/libpango-1.0.so.0.2800.4
7eff2ca02000-7eff2cc02000 ---p 00047000 08:05 525791                     /usr/lib/x86_64-linux-gnu/libpango-1.0.so.0.2800.4
7eff2cc02000-7eff2cc04000 r--p 00047000 08:05 525791                     /usr/lib/x86_64-linux-gnu/libpango-1.0.so.0.2800.4
7eff2cc04000-7eff2cc05000 rw-p 00049000 08:05 525791                     /usr/lib/x86_64-linux-gnu/libpango-1.0.so.0.2800.4
7eff2cc05000-7eff2cc30000 r-xp 00000000 08:05 525794                     /usr/lib/x86_64-linux-gnu/libpangoft2-1.0.so.0.2800.4
7eff2cc30000-7eff2ce2f000 ---p 0002b000 08:05 525794                     /usr/lib/x86_64-linux-gnu/libpangoft2-1.0.so.0.2800.4
7eff2ce2f000-7eff2ce30000 r--p 0002a000 08:05 525794                     /usr/lib/x86_64-linux-gnu/libpangoft2-1.0.so.0.2800.4
7eff2ce30000-7eff2ce31000 rw-p 0002b000 08:05 525794                     /usr/lib/x86_64-linux-gnu/libpangoft2-1.0.so.0.2800.4
7eff2ce31000-7eff2cf55000 r-xp 00000000 08:05 534218                     /usr/lib/x86_64-linux-gnu/libgio-2.0.so.0.2800.6
7eff2cf55000-7eff2d154000 ---p 00124000 08:05 534218                     /usr/lib/x86_64-linux-gnu/libgio-2.0.so.0.2800.6
7eff2d154000-7eff2d158000 r--p 00123000 08:05 534218                     /usr/lib/x86_64-linux-gnu/libgio-2.0.so.0.2800.6
7eff2d158000-7eff2d15a000 rw-p 00127000 08:05 534218                     /usr/lib/x86_64-linux-gnu/libgio-2.0.so.0.2800.6
7eff2d15a000-7eff2d15c000 rw-p 00000000 00:00 0 
7eff2d15c000-7eff2d17b000 r-xp 00000000 08:05 131382                     /usr/lib/libgdk_pixbuf-2.0.so.0.2300.3
7eff2d17b000-7eff2d37a000 ---p 0001f000 08:05 131382                     /usr/lib/libgdk_pixbuf-2.0.so.0.2300.3
7eff2d37a000-7eff2d37b000 r--p 0001e000 08:05 131382                     /usr/lib/libgdk_pixbuf-2.0.so.0.2300.3
7eff2d37b000-7eff2d37c000 rw-p 0001f000 08:05 131382                     /usr/lib/libgdk_pixbuf-2.0.so.0.2300.3
7eff2d37c000-7eff2d437000 r-xp 00000000 08:05 133334                     /usr/lib/libcairo.so.2.11000.2
7eff2d437000-7eff2d637000 ---p 000bb000 08:05 133334                     /usr/lib/libcairo.so.2.11000.2
7eff2d637000-7eff2d639000 r--p 000bb000 08:05 133334                     /usr/lib/libcairo.so.2.11000.2
7eff2d639000-7eff2d63a000 rw-p 000bd000 08:05 133334                     /usr/lib/libcairo.so.2.11000.2
7eff2d63a000-7eff2d63d000 rw-p 00000000 00:00 0 
7eff2d63d000-7eff2d65b000 r-xp 00000000 08:05 523751                     /usr/lib/x86_64-linux-gnu/libatk-1.0.so.0.9.1
7eff2d65b000-7eff2d85b000 ---p 0001e000 08:05 523751                     /usr/lib/x86_64-linux-gnu/libatk-1.0.so.0.9.1
7eff2d85b000-7eff2d85d000 r--p 0001e000 08:05 523751                     /usr/lib/x86_64-linux-gnu/libatk-1.0.so.0.9.1
7eff2d85d000-7eff2d85e000 rw-p 00020000 08:05 523751                     /usr/lib/x86_64-linux-gnu/libatk-1.0.so.0.9.1
7eff2d85e000-7eff2d863000 r-xp 00000000 08:05 531158                     /usr/lib/x86_64-linux-gnu/libXfixes.so.3.1.0
7eff2d863000-7eff2da62000 ---p 00005000 08:05 531158                     /usr/lib/x86_64-linux-gnu/libXfixes.so.3.1.0
7eff2da62000-7eff2da63000 r--p 00004000 08:05 531158                     /usr/lib/x86_64-linux-gnu/libXfixes.so.3.1.0
7eff2da63000-7eff2da64000 rw-p 00005000 08:05 531158                     /usr/lib/x86_64-linux-gnu/libXfixes.so.3.1.0
7eff2da64000-7eff2da66000 r-xp 00000000 08:05 540986                     /usr/lib/x86_64-linux-gnu/libXdamage.so.1.1.0
7eff2da66000-7eff2dc65000 ---p 00002000 08:05 540986                     /usr/lib/x86_64-linux-gnu/libXdamage.so.1.1.0
7eff2dc65000-7eff2dc66000 r--p 00001000 08:05 540986                     /usr/lib/x86_64-linux-gnu/libXdamage.so.1.1.0
7eff2dc66000-7eff2dc67000 rw-p 00002000 08:05 540986                     /usr/lib/x86_64-linux-gnu/libXdamage.so.1.1.0
7eff2dc67000-7eff2dc69000 r-xp 00000000 08:05 540978                     /usr/lib/x86_64-linux-gnu/libXcomposite.so.1.0.0
7eff2dc69000-7eff2de68000 ---p 00002000 08:05 540978                     /usr/lib/x86_64-linux-gnu/libXcomposite.so.1.0.0
7eff2de68000-7eff2de69000 r--p 00001000 08:05 540978                     /usr/lib/x86_64-linux-gnu/libXcomposite.so.1.0.0
7eff2de69000-7eff2de6a000 rw-p 00002000 08:05 540978                     /usr/lib/x86_64-linux-gnu/libXcomposite.so.1.0.0
7eff2de6a000-7eff2df9f000 r-xp 00000000 08:05 522852                     /usr/lib/x86_64-linux-gnu/libX11.so.6.3.0
7eff2df9f000-7eff2e19f000 ---p 00135000 08:05 522852                     /usr/lib/x86_64-linux-gnu/libX11.so.6.3.0
7eff2e19f000-7eff2e1a0000 r--p 00135000 08:05 522852                     /usr/lib/x86_64-linux-gnu/libX11.so.6.3.0
7eff2e1a0000-7eff2e1a4000 rw-p 00136000 08:05 522852                     /usr/lib/x86_64-linux-gnu/libX11.so.6.3.0
7eff2e1a4000-7eff2e1af000 r-xp 00000000 08:05 525792                     /usr/lib/x86_64-linux-gnu/libpangocairo-1.0.so.0.2800.4
7eff2e1af000-7eff2e3af000 ---p 0000b000 08:05 525792                     /usr/lib/x86_64-linux-gnu/libpangocairo-1.0.so.0.2800.4
7eff2e3af000-7eff2e3b0000 r--p 0000b000 08:05 525792                     /usr/lib/x86_64-linux-gnu/libpangocairo-1.0.so.0.2800.4
7eff2e3b0000-7eff2e3b1000 rw-p 0000c000 08:05 525792                     /usr/lib/x86_64-linux-gnu/libpangocairo-1.0.so.0.2800.4
7eff2e3b1000-7eff2e45f000 r-xp 00000000 08:05 139199                     /usr/lib/libgdk-x11-2.0.so.0.2400.4
7eff2e45f000-7eff2e65e000 ---p 000ae000 08:05 139199                     /usr/lib/libgdk-x11-2.0.so.0.2400.4
7eff2e65e000-7eff2e662000 r--p 000ad000 08:05 139199                     /usr/lib/libgdk-x11-2.0.so.0.2400.4
7eff2e662000-7eff2e664000 rw-p 000b1000 08:05 139199                     /usr/lib/libgdk-x11-2.0.so.0.2400.4
7eff2e664000-7eff2e669000 r-xp 00000000 08:05 133122                     /usr/lib/libXtst.so.6.1.0
7eff2e669000-7eff2e868000 ---p 00005000 08:05 133122                     /usr/lib/libXtst.so.6.1.0
7eff2e868000-7eff2e869000 r--p 00004000 08:05 133122                     /usr/lib/libXtst.so.6.1.0
7eff2e869000-7eff2e86a000 rw-p 00005000 08:05 133122                     /usr/lib/libXtst.so.6.1.0
7eff2e86a000-7eff2e86e000 r-xp 00000000 08:05 534215                     /usr/lib/x86_64-linux-gnu/libgthread-2.0.so.0.2800.6
7eff2e86e000-7eff2ea6d000 ---p 00004000 08:05 534215                     /usr/lib/x86_64-linux-gnu/libgthread-2.0.so.0.2800.6
7eff2ea6d000-7eff2ea6e000 r--p 00003000 08:05 534215                     /usr/lib/x86_64-linux-gnu/libgthread-2.0.so.0.2800.6
7eff2ea6e000-7eff2ea6f000 rw-p 00004000 08:05 534215                     /usr/lib/x86_64-linux-gnu/libgthread-2.0.so.0.2800.6
7eff2ea6f000-7eff2eea5000 r-xp 00000000 08:05 139198                     /usr/lib/libgtk-x11-2.0.so.0.2400.4
7eff2eea5000-7eff2f0a5000 ---p 00436000 08:05 139198                     /usr/lib/libgtk-x11-2.0.so.0.2400.4
7eff2f0a5000-7eff2f0ac000 r--p 00436000 08:05 139198                     /usr/lib/libgtk-x11-2.0.so.0.2400.4
7eff2f0ac000-7eff2f0b0000 rw-p 0043d000 08:05 139198                     /usr/lib/libgtk-x11-2.0.so.0.2400.4
7eff2f0b0000-7eff2f0b2000 rw-p 00000000 00:00 0 
7eff2f0b2000-7eff2f11c000 r-xp 00000000 08:05 1049787                    /home/huangyingw/sancho-0.9.4-59-linux-gtk-x86_64-java/lib/libswt-pi-gtk-3509.so
7eff2f11c000-7eff2f21b000 ---p 0006a000 08:05 1049787                    /home/huangyingw/sancho-0.9.4-59-linux-gtk-x86_64-java/lib/libswt-pi-gtk-3509.so
7eff2f21b000-7eff2f21f000 rw-p 00069000 08:05 1049787                    /home/huangyingw/sancho-0.9.4-59-linux-gtk-x86_64-java/lib/libswt-pi-gtk-3509.so
7eff2f21f000-7eff2f220000 rw-p 00000000 00:00 0 
7eff2f220000-7eff2f260000 r-xp 00000000 08:05 1049784                    /home/huangyingw/sancho-0.9.4-59-linux-gtk-x86_64-java/lib/libswt-gtk-3509.so
7eff2f260000-7eff2f360000 ---p 00040000 08:05 1049784                    /home/huangyingw/sancho-0.9.4-59-linux-gtk-x86_64-java/lib/libswt-gtk-3509.so
7eff2f360000-7eff2f364000 rw-p 00040000 08:05 1049784                    /home/huangyingw/sancho-0.9.4-59-linux-gtk-x86_64-java/lib/libswt-gtk-3509.so
7eff2f364000-7eff2f365000 rw-p 00000000 00:00 0 
7eff2f365000-7eff2f369000 r--s 0007c000 08:05 667609                     /usr/lib/jvm/java-6-openjdk/jre/lib/jsse.jar
7eff2f369000-7eff2f3b4000 r--s 0032d000 08:05 1049744                    /home/huangyingw/sancho-0.9.4-59-linux-gtk-x86_64-java/sancho
7eff2f3b4000-7eff2f3bc000 r--s 00066000 08:05 412923                     /usr/share/java/gnome-java-bridge.jar
7eff2f3bc000-7eff2f3bf000 r--s 0000f000 08:05 667579                     /usr/lib/jvm/java-6-openjdk/jre/lib/ext/pulse-java.jar
7eff2f3bf000-7eff2f3c0000 ---p 00000000 00:00 0 
7eff2f3c0000-7eff2f4c0000 rw-p 00000000 00:00 0 
7eff2f4c0000-7eff2f4c3000 ---p 00000000 00:00 0 
7eff2f4c3000-7eff2f5c1000 rw-p 00000000 00:00 0 
7eff2f5c1000-7eff2f5c4000 ---p 00000000 00:00 0 
7eff2f5c4000-7eff2f6c2000 rw-p 00000000 00:00 0 
7eff2f6c2000-7eff2f6c5000 ---p 00000000 00:00 0 
7eff2f6c5000-7eff2f7c3000 rw-p 00000000 00:00 0 
7eff2f7c3000-7eff2f7c6000 ---p 00000000 00:00 0 
7eff2f7c6000-7eff2f8c4000 rw-p 00000000 00:00 0 
7eff2f8c4000-7eff2fcfd000 r--p 00000000 08:05 524352                     /usr/lib/locale/locale-archive
7eff2fcfd000-7eff2fd00000 ---p 00000000 00:00 0 
7eff2fd00000-7eff2fdfe000 rw-p 00000000 00:00 0 
7eff2fdfe000-7eff2fe01000 ---p 00000000 00:00 0 
7eff2fe01000-7eff2feff000 rw-p 00000000 00:00 0 
7eff2feff000-7eff2ff00000 ---p 00000000 00:00 0 
7eff2ff00000-7eff30000000 rw-p 00000000 00:00 0 
7eff30000000-7eff32d97000 rw-p 00000000 00:00 0 
7eff32d97000-7eff34000000 ---p 00000000 00:00 0 
7eff34006000-7eff34011000 r--p 00000000 08:05 428297                     /usr/share/icons/Humanity-Dark/icon-theme.cache
7eff34011000-7eff3401c000 r--p 00000000 08:05 1185970                    /usr/share/icons/ubuntu-mono-dark/icon-theme.cache
7eff3401c000-7eff3403a000 r--s 00000000 08:05 410860                     /usr/share/mime/mime.cache
7eff3403a000-7eff34041000 r--s 000fb000 08:05 667613                     /usr/lib/jvm/java-6-openjdk/jre/lib/resources.jar
7eff34041000-7eff34042000 r--s 00000000 08:05 801385                     /var/cache/fontconfig/c05880de57d1f5e948fdfacc138775d9-le64.cache-3
7eff34042000-7eff3404b000 r--s 00000000 08:05 797941                     /var/cache/fontconfig/945677eb7aeaf62f1d50efc3fb3ec7d8-le64.cache-3
7eff3404b000-7eff3404f000 r--s 00000000 08:05 799873                     /var/cache/fontconfig/99e8ed0e538f840c565b6ed5dad60d56-le64.cache-3
7eff3404f000-7eff34052000 r--s 00000000 08:05 801371                     /var/cache/fontconfig/e383d7ea5fbe662a33d9b44caf393297-le64.cache-3
7eff34052000-7eff34053000 r--s 00000000 08:05 801383                     /var/cache/fontconfig/e7071f4a29fa870f4323321c154eba04-le64.cache-3
7eff34053000-7eff34057000 r--s 00000000 08:05 801369                     /var/cache/fontconfig/6eb3985aa4124903f6ff08ba781cd364-le64.cache-3
7eff34057000-7eff34058000 r--s 00000000 08:05 801381                     /var/cache/fontconfig/4c73fe0c47614734b17d736dbde7580a-le64.cache-3
7eff34058000-7eff34059000 r--s 00000000 08:05 801368                     /var/cache/fontconfig/0d8c3b2ac0904cb8a57a757ad11a4a08-le64.cache-3
7eff34059000-7eff3405a000 r--s 00000000 08:05 801367                     /var/cache/fontconfig/6a53c69dea097a2d716e069445527da8-le64.cache-3
7eff3405a000-7eff34060000 r--s 00000000 08:05 801379                     /var/cache/fontconfig/a755afe4a08bf5b97852ceb7400b47bc-le64.cache-3
7eff34060000-7eff34069000 r--s 00000000 08:05 801377                     /var/cache/fontconfig/6d41288fd70b0be22e8c3a91e032eec0-le64.cache-3
7eff34069000-7eff34079000 r--s 00000000 08:05 801365                     /var/cache/fontconfig/0f34bcd4b6ee430af32735b75db7f02b-le64.cache-3
7eff34079000-7eff3407c000 r--s 00000000 08:05 801364                     /var/cache/fontconfig/d60319d88cac85ba9e1a07bd06cfbb8c-le64.cache-3
7eff3407c000-7eff3407d000 r--s 00000000 08:05 801353                     /var/cache/fontconfig/4794a0821666d79190d59a36cb4f44b5-le64.cache-3
7eff3407d000-7eff340ab000 r--s 00000000 08:05 801375                     /var/cache/fontconfig/365b55f210c0a22e9a19e35191240f32-le64.cache-3
7eff340ab000-7eff340b5000 r--s 00000000 08:05 801352                     /var/cache/fontconfig/d52a8644073d54c13679302ca1180695-le64.cache-3
7eff340b5000-7eff340c1000 r--s 00000000 08:05 801373                     /var/cache/fontconfig/089dead882dea3570ffc31a9898cfb69-le64.cache-3
7eff340c1000-7eff343f7000 rw-p 00000000 00:00 0 
7eff343f7000-7eff34587000 r--s 037af000 08:05 668210                     /usr/lib/jvm/java-6-openjdk/jre/lib/rt.jar
7eff34587000-7eff345af000 rw-p 00000000 00:00 0 
7eff345af000-7eff345b0000 ---p 00000000 00:00 0 
7eff345b0000-7eff346b0000 rw-p 00000000 00:00 0 
7eff346b0000-7eff346b1000 ---p 00000000 00:00 0 
7eff346b1000-7eff347bc000 rw-p 00000000 00:00 0 
7eff347bc000-7eff34804000 rw-p 00000000 00:00 0 
7eff34804000-7eff34814000 rw-p 00000000 00:00 0 
7eff34814000-7eff34900000 rw-p 00000000 00:00 0 
7eff34900000-7eff3490b000 rw-p 00000000 00:00 0 
7eff3490b000-7eff34953000 rw-p 00000000 00:00 0 
7eff34953000-7eff34963000 rw-p 00000000 00:00 0 
7eff34963000-7eff34a4f000 rw-p 00000000 00:00 0 
7eff34a4f000-7eff34a57000 rw-p 00000000 00:00 0 
7eff34a57000-7eff34acd000 rw-p 00000000 00:00 0 
7eff34acd000-7eff34ace000 rw-p 00000000 00:00 0 
7eff34ace000-7eff34d3e000 rwxp 00000000 00:00 0 
7eff34d3e000-7eff37ace000 rw-p 00000000 00:00 0 
7eff37ace000-7eff37ad5000 r-xp 00000000 08:05 670608                     /usr/lib/jvm/java-6-openjdk/jre/lib/amd64/libzip.so
7eff37ad5000-7eff37cd4000 ---p 00007000 08:05 670608                     /usr/lib/jvm/java-6-openjdk/jre/lib/amd64/libzip.so
7eff37cd4000-7eff37cd5000 r--p 00006000 08:05 670608                     /usr/lib/jvm/java-6-openjdk/jre/lib/amd64/libzip.so
7eff37cd5000-7eff37cd6000 rw-p 00007000 08:05 670608                     /usr/lib/jvm/java-6-openjdk/jre/lib/amd64/libzip.so
7eff37cd6000-7eff37ce2000 r-xp 00000000 08:05 1047412                    /lib/x86_64-linux-gnu/libnss_files-2.13.so
7eff37ce2000-7eff37ee1000 ---p 0000c000 08:05 1047412                    /lib/x86_64-linux-gnu/libnss_files-2.13.so
7eff37ee1000-7eff37ee2000 r--p 0000b000 08:05 1047412                    /lib/x86_64-linux-gnu/libnss_files-2.13.so
7eff37ee2000-7eff37ee3000 rw-p 0000c000 08:05 1047412                    /lib/x86_64-linux-gnu/libnss_files-2.13.so
7eff37ee3000-7eff37eee000 r-xp 00000000 08:05 1047414                    /lib/x86_64-linux-gnu/libnss_nis-2.13.so
7eff37eee000-7eff380ed000 ---p 0000b000 08:05 1047414                    /lib/x86_64-linux-gnu/libnss_nis-2.13.so
7eff380ed000-7eff380ee000 r--p 0000a000 08:05 1047414                    /lib/x86_64-linux-gnu/libnss_nis-2.13.so
7eff380ee000-7eff380ef000 rw-p 0000b000 08:05 1047414                    /lib/x86_64-linux-gnu/libnss_nis-2.13.so
7eff380ef000-7eff380f7000 r-xp 00000000 08:05 1047410                    /lib/x86_64-linux-gnu/libnss_compat-2.13.so
7eff380f7000-7eff382f6000 ---p 00008000 08:05 1047410                    /lib/x86_64-linux-gnu/libnss_compat-2.13.so
7eff382f6000-7eff382f7000 r--p 00007000 08:05 1047410                    /lib/x86_64-linux-gnu/libnss_compat-2.13.so
7eff382f7000-7eff382f8000 rw-p 00008000 08:05 1047410                    /lib/x86_64-linux-gnu/libnss_compat-2.13.so
7eff382f8000-7eff3830f000 r-xp 00000000 08:05 1047409                    /lib/x86_64-linux-gnu/libnsl-2.13.so
7eff3830f000-7eff3850e000 ---p 00017000 08:05 1047409                    /lib/x86_64-linux-gnu/libnsl-2.13.so
7eff3850e000-7eff3850f000 r--p 00016000 08:05 1047409                    /lib/x86_64-linux-gnu/libnsl-2.13.so
7eff3850f000-7eff38510000 rw-p 00017000 08:05 1047409                    /lib/x86_64-linux-gnu/libnsl-2.13.so
7eff38510000-7eff38512000 rw-p 00000000 00:00 0 
7eff38512000-7eff3853e000 r-xp 00000000 08:05 668229                     /usr/lib/jvm/java-6-openjdk/jre/lib/amd64/libjava.so
7eff3853e000-7eff3873d000 ---p 0002c000 08:05 668229                     /usr/lib/jvm/java-6-openjdk/jre/lib/amd64/libjava.so
7eff3873d000-7eff3873e000 r--p 0002b000 08:05 668229                     /usr/lib/jvm/java-6-openjdk/jre/lib/amd64/libjava.so
7eff3873e000-7eff38741000 rw-p 0002c000 08:05 668229                     /usr/lib/jvm/java-6-openjdk/jre/lib/amd64/libjava.so
7eff38741000-7eff3874f000 r-xp 00000000 08:05 670607                     /usr/lib/jvm/java-6-openjdk/jre/lib/amd64/libverify.so
7eff3874f000-7eff3894e000 ---p 0000e000 08:05 670607                     /usr/lib/jvm/java-6-openjdk/jre/lib/amd64/libverify.so
7eff3894e000-7eff38950000 r--p 0000d000 08:05 670607                     /usr/lib/jvm/java-6-openjdk/jre/lib/amd64/libverify.so
7eff38950000-7eff38951000 rw-p 0000f000 08:05 670607                     /usr/lib/jvm/java-6-openjdk/jre/lib/amd64/libverify.so
7eff38951000-7eff38958000 r-xp 00000000 08:05 1047422                    /lib/x86_64-linux-gnu/librt-2.13.so
7eff38958000-7eff38b57000 ---p 00007000 08:05 1047422                    /lib/x86_64-linux-gnu/librt-2.13.so
7eff38b57000-7eff38b58000 r--p 00006000 08:05 1047422                    /lib/x86_64-linux-gnu/librt-2.13.so
7eff38b58000-7eff38b59000 rw-p 00007000 08:05 1047422                    /lib/x86_64-linux-gnu/librt-2.13.so
7eff38b59000-7eff38b6e000 r-xp 00000000 08:05 1047978                    /lib/x86_64-linux-gnu/libgcc_s.so.1
7eff38b6e000-7eff38d6d000 ---p 00015000 08:05 1047978                    /lib/x86_64-linux-gnu/libgcc_s.so.1
7eff38d6d000-7eff38d6e000 r--p 00014000 08:05 1047978                    /lib/x86_64-linux-gnu/libgcc_s.so.1
7eff38d6e000-7eff38d6f000 rw-p 00015000 08:05 1047978                    /lib/x86_64-linux-gnu/libgcc_s.so.1
7eff38d6f000-7eff38df3000 r-xp 00000000 08:05 1047407                    /lib/x86_64-linux-gnu/libm-2.13.so
7eff38df3000-7eff38ff2000 ---p 00084000 08:05 1047407                    /lib/x86_64-linux-gnu/libm-2.13.so
7eff38ff2000-7eff38ff3000 r--p 00083000 08:05 1047407                    /lib/x86_64-linux-gnu/libm-2.13.so
7eff38ff3000-7eff38ff4000 rw-p 00084000 08:05 1047407                    /lib/x86_64-linux-gnu/libm-2.13.so
7eff38ff4000-7eff390dc000 r-xp 00000000 08:05 525611                     /usr/lib/x86_64-linux-gnu/libstdc++.so.6.0.14
7eff390dc000-7eff392db000 ---p 000e8000 08:05 525611                     /usr/lib/x86_64-linux-gnu/libstdc++.so.6.0.14
7eff392db000-7eff392e3000 r--p 000e7000 08:05 525611                     /usr/lib/x86_64-linux-gnu/libstdc++.so.6.0.14
7eff392e3000-7eff392e5000 rw-p 000ef000 08:05 525611                     /usr/lib/x86_64-linux-gnu/libstdc++.so.6.0.14
7eff392e5000-7eff392fa000 rw-p 00000000 00:00 0 
7eff392fa000-7eff39c4f000 r-xp 00000000 08:05 670610                     /usr/lib/jvm/java-6-openjdk/jre/lib/amd64/server/libjvm.so
7eff39c4f000-7eff39e4e000 ---p 00955000 08:05 670610                     /usr/lib/jvm/java-6-openjdk/jre/lib/amd64/server/libjvm.so
7eff39e4e000-7eff39ecf000 r--p 00954000 08:05 670610                     /usr/lib/jvm/java-6-openjdk/jre/lib/amd64/server/libjvm.so
7eff39ecf000-7eff39eea000 rw-p 009d5000 08:05 670610                     /usr/lib/jvm/java-6-openjdk/jre/lib/amd64/server/libjvm.so
7eff39eea000-7eff39f13000 rw-p 00000000 00:00 0 
7eff39f13000-7eff3a09d000 r-xp 00000000 08:05 1047403                    /lib/x86_64-linux-gnu/libc-2.13.so
7eff3a09d000-7eff3a29c000 ---p 0018a000 08:05 1047403                    /lib/x86_64-linux-gnu/libc-2.13.so
7eff3a29c000-7eff3a2a0000 r--p 00189000 08:05 1047403                    /lib/x86_64-linux-gnu/libc-2.13.so
7eff3a2a0000-7eff3a2a1000 rw-p 0018d000 08:05 1047403                    /lib/x86_64-linux-gnu/libc-2.13.so
7eff3a2a1000-7eff3a2a7000 rw-p 00000000 00:00 0 
7eff3a2a7000-7eff3a2a9000 r-xp 00000000 08:05 1047406                    /lib/x86_64-linux-gnu/libdl-2.13.so
7eff3a2a9000-7eff3a4a9000 ---p 00002000 08:05 1047406                    /lib/x86_64-linux-gnu/libdl-2.13.so
7eff3a4a9000-7eff3a4aa000 r--p 00002000 08:05 1047406                    /lib/x86_64-linux-gnu/libdl-2.13.so
7eff3a4aa000-7eff3a4ab000 rw-p 00003000 08:05 1047406                    /lib/x86_64-linux-gnu/libdl-2.13.so
7eff3a4ab000-7eff3a4af000 r-xp 00000000 08:05 668213                     /usr/lib/jvm/java-6-openjdk/jre/lib/amd64/jli/libjli.so
7eff3a4af000-7eff3a6ae000 ---p 00004000 08:05 668213                     /usr/lib/jvm/java-6-openjdk/jre/lib/amd64/jli/libjli.so
7eff3a6ae000-7eff3a6af000 r--p 00003000 08:05 668213                     /usr/lib/jvm/java-6-openjdk/jre/lib/amd64/jli/libjli.so
7eff3a6af000-7eff3a6b0000 rw-p 00004000 08:05 668213                     /usr/lib/jvm/java-6-openjdk/jre/lib/amd64/jli/libjli.so
7eff3a6b0000-7eff3a6c8000 r-xp 00000000 08:05 1047420                    /lib/x86_64-linux-gnu/libpthread-2.13.so
7eff3a6c8000-7eff3a8c8000 ---p 00018000 08:05 1047420                    /lib/x86_64-linux-gnu/libpthread-2.13.so
7eff3a8c8000-7eff3a8c9000 r--p 00018000 08:05 1047420                    /lib/x86_64-linux-gnu/libpthread-2.13.so
7eff3a8c9000-7eff3a8ca000 rw-p 00019000 08:05 1047420                    /lib/x86_64-linux-gnu/libpthread-2.13.so
7eff3a8ca000-7eff3a8ce000 rw-p 00000000 00:00 0 
7eff3a8ce000-7eff3a8e5000 r-xp 00000000 08:05 1047829                    /lib/x86_64-linux-gnu/libz.so.1.2.3.4
7eff3a8e5000-7eff3aae4000 ---p 00017000 08:05 1047829                    /lib/x86_64-linux-gnu/libz.so.1.2.3.4
7eff3aae4000-7eff3aae5000 r--p 00016000 08:05 1047829                    /lib/x86_64-linux-gnu/libz.so.1.2.3.4
7eff3aae5000-7eff3aae6000 rw-p 00017000 08:05 1047829                    /lib/x86_64-linux-gnu/libz.so.1.2.3.4
7eff3aae6000-7eff3ab07000 r-xp 00000000 08:05 1047400                    /lib/x86_64-linux-gnu/ld-2.13.so
7eff3ab07000-7eff3ab08000 r--s 00000000 08:05 1175203                    /home/huangyingw/.local/share/mime/mime.cache
7eff3ab08000-7eff3ab0a000 rw-p 00000000 00:00 0 
7eff3ab0a000-7eff3ab15000 r--s 00000000 08:05 785074                     /var/cache/fontconfig/e13b20fdb08344e0e664864cc2ede53d-le64.cache-3
7eff3ab15000-7eff3ab1f000 rw-p 00000000 00:00 0 
7eff3ab1f000-7eff3abd5000 rw-p 00000000 00:00 0 
7eff3abd5000-7eff3abd8000 ---p 00000000 00:00 0 
7eff3abd8000-7eff3acdb000 rw-p 00000000 00:00 0 
7eff3acdb000-7eff3acde000 rw-s 00000000 00:04 950292                     /SYSV00000000 (deleted)
7eff3acde000-7eff3ace2000 r--s 00000000 08:05 785075                     /var/cache/fontconfig/cabbd14511b9e8a55e92af97fb3a0461-le64.cache-3
7eff3ace2000-7eff3ace6000 r--s 00000000 08:05 801363                     /var/cache/fontconfig/7ef2298fde41cc6eeb7af42e48b7d293-le64.cache-3
7eff3ace6000-7eff3acfa000 r--s 00000000 08:05 797947                     /var/cache/fontconfig/865f88548240fee46819705c6468c165-le64.cache-3
7eff3acfa000-7eff3ad02000 rw-s 00000000 08:05 1080521                    /tmp/hsperfdata_huangyingw/3479
7eff3ad02000-7eff3ad03000 rw-p 00000000 00:00 0 
7eff3ad03000-7eff3ad04000 r--p 00000000 00:00 0 
7eff3ad04000-7eff3ad06000 rw-p 00000000 00:00 0 
7eff3ad06000-7eff3ad07000 r--p 00020000 08:05 1047400                    /lib/x86_64-linux-gnu/ld-2.13.so
7eff3ad07000-7eff3ad09000 rw-p 00021000 08:05 1047400                    /lib/x86_64-linux-gnu/ld-2.13.so
7fff1c6ce000-7fff1c6ef000 rw-p 00000000 00:00 0                          [stack]
7fff1c7ff000-7fff1c800000 r-xp 00000000 00:00 0                          [vdso]
ffffffffff600000-ffffffffff601000 r-xp 00000000 00:00 0                  [vsyscall]

VM Arguments:
jvm_args: -Djava.library.path=sancho-0.9.4-59-linux-gtk-x86_64-java/lib 
java_command: sancho.core.Sancho
Launcher Type: SUN_STANDARD

Environment Variables:
CLASSPATH=/media/volgrp/myproject/git/java/lucene/lucene-3.0.1/lucene-core-3.0.1.jar:/media/volgrp/myproject/git/java/lucene/lucene-3.0.1/lucene-demos-3.0.1.jar:/media/volgrp/myproject/git/webapps/luceneweb/WEB-INF/lib/lucene-core-3.0.1.jar:/media/volgrp/myproject/git/webapps/luceneweb/WEB-INF/lib/lucene-demos-3.0.1.jar
PATH=/usr/local/sbin:/usr/local/bin:/usr/sbin:/usr/bin:/sbin:/bin:/usr/games
USERNAME=huangyingw
LD_LIBRARY_PATH=/usr/lib/jvm/java-6-openjdk/jre/lib/amd64/server:/usr/lib/jvm/java-6-openjdk/jre/lib/amd64:/usr/lib/jvm/java-6-openjdk/jre/../lib/amd64:sancho-0.9.4-59-linux-gtk-x86_64-java/lib
SHELL=/bin/bash
DISPLAY=:0

Signal Handlers:
SIGSEGV: [libjvm.so+0x7d0f20], sa_mask[0]=0x7ffbfeff, sa_flags=0x10000004
SIGBUS: [libjvm.so+0x7d0f20], sa_mask[0]=0x7ffbfeff, sa_flags=0x10000004
SIGFPE: [libjvm.so+0x683720], sa_mask[0]=0x7ffbfeff, sa_flags=0x10000004
SIGPIPE: SIG_IGN, sa_mask[0]=0x00001000, sa_flags=0x10000000
SIGXFSZ: [libjvm.so+0x683720], sa_mask[0]=0x7ffbfeff, sa_flags=0x10000004
SIGILL: [libjvm.so+0x683720], sa_mask[0]=0x7ffbfeff, sa_flags=0x10000004
SIGUSR1: SIG_DFL, sa_mask[0]=0x00000000, sa_flags=0x00000000
SIGUSR2: [libjvm.so+0x6838f0], sa_mask[0]=0x00000000, sa_flags=0x10000004
SIGHUP: [libjvm.so+0x686290], sa_mask[0]=0x7ffbfeff, sa_flags=0x10000004
SIGINT: [libjvm.so+0x686290], sa_mask[0]=0x7ffbfeff, sa_flags=0x10000004
SIGTERM: [libjvm.so+0x686290], sa_mask[0]=0x7ffbfeff, sa_flags=0x10000004
SIGQUIT: [libjvm.so+0x686290], sa_mask[0]=0x7ffbfeff, sa_flags=0x10000004


---------------  S Y S T E M  ---------------

OS:Ubuntu 11.04 (natty)
uname:Linux 2.6.38-8-generic #42-Ubuntu SMP Mon Apr 11 03:31:24 UTC 2011 x86_64
libc:glibc 2.13 NPTL 2.13 
rlimit: STACK 8192k, CORE 0k, NPROC infinity, NOFILE 4096, AS infinity
load average:0.22 0.40 0.29

/proc/meminfo:
MemTotal:        3090784 kB
MemFree:         1143356 kB
Buffers:           96804 kB
Cached:           635976 kB
SwapCached:            0 kB
Active:          1031208 kB
Inactive:         604672 kB
Active(anon):     904100 kB
Inactive(anon):     9112 kB
Active(file):     127108 kB
Inactive(file):   595560 kB
Unevictable:           0 kB
Mlocked:               0 kB
SwapTotal:       3145724 kB
SwapFree:        3145724 kB
Dirty:             26860 kB
Writeback:             0 kB
AnonPages:        903328 kB
Mapped:           178340 kB
Shmem:              9928 kB
Slab:              71660 kB
SReclaimable:      45560 kB
SUnreclaim:        26100 kB
KernelStack:        3720 kB
PageTables:        28332 kB
NFS_Unstable:          0 kB
Bounce:                0 kB
WritebackTmp:          0 kB
CommitLimit:     4691116 kB
Committed_AS:    3173200 kB
VmallocTotal:   34359738367 kB
VmallocUsed:      106440 kB
VmallocChunk:   34359628988 kB
HardwareCorrupted:     0 kB
HugePages_Total:       0
HugePages_Free:        0
HugePages_Rsvd:        0
HugePages_Surp:        0
Hugepagesize:       2048 kB
DirectMap4k:      198336 kB
DirectMap2M:     2947072 kB


CPU:total 2 (2 cores per cpu, 1 threads per core) family 6 model 15 stepping 13, cmov, cx8, fxsr, mmx, sse, sse2, sse3, ssse3

Memory: 4k page, physical 3090784k(1143356k free), swap 3145724k(3145724k free)

vm_info: OpenJDK 64-Bit Server VM (20.0-b11) for linux-amd64 JRE (1.6.0_22-b22), built on Apr  5 2011 14:40:17 by "buildd" with gcc 4.5.2

time: Sun May  1 17:23:40 2011
elapsed time: 60 seconds

